<?xml version="1.0" encoding="UTF-8"?>
<robot generator="Robot 7.1.1 (Python 3.13.0 on win32)" generated="2026-01-27T21:31:59.720175" rpa="false" schemaversion="5">
<suite id="s1" name="registerTest" source="d:\workspace\MiniProjectTest\ProjectTest65\TestCase\registerTest.robot">
<test id="s1-t1" name="Test Register" line="8">
<kw name="Launch Excel" owner="registerKey">
<kw name="Open Excel Document" owner="ExcelLibrary">
<arg>${DataTable}</arg>
<arg>${sheet}</arg>
<doc>Opens xlsx document file.</doc>
<status status="PASS" start="2026-01-27T21:32:03.005440" elapsed="0.145378"/>
</kw>
<status status="PASS" start="2026-01-27T21:32:03.001734" elapsed="0.152770"/>
</kw>
<kw name="Launch Browser and Navigate to Url" owner="registerKey">
<kw name="Open Browser" owner="SeleniumLibrary">
<msg time="2026-01-27T21:32:03.182683" level="INFO">Opening browser 'chrome' to base url 'http://localhost:8080/vegetable/dologout'.</msg>
<arg>${url}</arg>
<arg>${browser}</arg>
<doc>Opens a new browser instance to the optional ``url``.</doc>
<status status="PASS" start="2026-01-27T21:32:03.179761" elapsed="8.775852"/>
</kw>
<kw name="Maximize Browser Window" owner="SeleniumLibrary">
<doc>Maximizes current browser window.</doc>
<status status="PASS" start="2026-01-27T21:32:11.957527" elapsed="3.262221"/>
</kw>
<status status="PASS" start="2026-01-27T21:32:03.175420" elapsed="12.045053"/>
</kw>
<for flavor="IN RANGE">
<iter>
<kw name="Read Excel Cell" owner="ExcelLibrary">
<msg time="2026-01-27T21:32:15.321161" level="INFO">${status} = Y</msg>
<var>${status}</var>
<arg>${i}</arg>
<arg>1</arg>
<doc>Returns content of a cell.</doc>
<status status="PASS" start="2026-01-27T21:32:15.317888" elapsed="0.037293"/>
</kw>
<if>
<branch type="IF" condition="'${status}' == 'Y'">
<kw name="Click Register Link" owner="registerKey">
<kw name="Click Link" owner="SeleniumLibrary">
<msg time="2026-01-27T21:32:15.418423" level="INFO">Clicking link '//a[contains(text(),'ลงทะเบียน')]'.</msg>
<arg>${locClickRegister}</arg>
<doc>Clicks a link identified by ``locator``.</doc>
<status status="PASS" start="2026-01-27T21:32:15.408932" elapsed="1.268380"/>
</kw>
<status status="PASS" start="2026-01-27T21:32:15.379440" elapsed="1.299038"/>
</kw>
<kw name="Input Form Fullname and Phone" owner="registerKey">
<kw name="Read Excel Cell" owner="ExcelLibrary">
<msg time="2026-01-27T21:32:16.696433" level="INFO">${name} = ศิรประภา ทาบุตร</msg>
<var>${name}</var>
<arg>${i}</arg>
<arg>3</arg>
<doc>Returns content of a cell.</doc>
<status status="PASS" start="2026-01-27T21:32:16.691849" elapsed="0.006007"/>
</kw>
<if>
<branch type="IF" condition="'${name}' == '${NONE}'">
<kw name="Set Variable" owner="BuiltIn">
<var>${name}</var>
<doc>Returns the given values which can then be assigned to a variables.</doc>
<status status="NOT RUN" start="2026-01-27T21:32:16.707240" elapsed="0.002431"/>
</kw>
<status status="NOT RUN" start="2026-01-27T21:32:16.701254" elapsed="0.009939"/>
</branch>
<status status="PASS" start="2026-01-27T21:32:16.698808" elapsed="0.017259"/>
</if>
<kw name="Input Text" owner="SeleniumLibrary">
<msg time="2026-01-27T21:32:16.719822" level="INFO">Typing text 'ศิรประภา ทาบุตร' into text field '//input[@id='name']'.</msg>
<arg>${locFullname}</arg>
<arg>${name}</arg>
<doc>Types the given ``text`` into the text field identified by ``locator``.</doc>
<status status="PASS" start="2026-01-27T21:32:16.717075" elapsed="0.756201"/>
</kw>
<kw name="Read Excel Cell" owner="ExcelLibrary">
<msg time="2026-01-27T21:32:17.475275" level="INFO">${tel} = 0923456789</msg>
<var>${tel}</var>
<arg>${i}</arg>
<arg>4</arg>
<doc>Returns content of a cell.</doc>
<status status="PASS" start="2026-01-27T21:32:17.474171" elapsed="0.001891"/>
</kw>
<if>
<branch type="IF" condition="'${tel}' == '${NONE}'">
<kw name="Set Variable" owner="BuiltIn">
<var>${tel}</var>
<doc>Returns the given values which can then be assigned to a variables.</doc>
<status status="NOT RUN" start="2026-01-27T21:32:17.478978" elapsed="0.000441"/>
</kw>
<status status="NOT RUN" start="2026-01-27T21:32:17.477279" elapsed="0.002506"/>
</branch>
<status status="PASS" start="2026-01-27T21:32:17.477128" elapsed="0.003174"/>
</if>
<kw name="Input Text" owner="SeleniumLibrary">
<msg time="2026-01-27T21:32:17.482005" level="INFO">Typing text '0923456789' into text field '//input[@id='phone']'.</msg>
<arg>${locTel}</arg>
<arg>${tel}</arg>
<doc>Types the given ``text`` into the text field identified by ``locator``.</doc>
<status status="PASS" start="2026-01-27T21:32:17.480766" elapsed="0.502549"/>
</kw>
<arg>${i}</arg>
<status status="PASS" start="2026-01-27T21:32:16.688587" elapsed="1.295887"/>
</kw>
<kw name="Input Birthdate" owner="registerKey">
<kw name="Read Excel Cell" owner="ExcelLibrary">
<msg time="2026-01-27T21:32:17.997572" level="INFO">${birthdate} = 03/02/2005</msg>
<var>${birthdate}</var>
<arg>${i}</arg>
<arg>5</arg>
<doc>Returns content of a cell.</doc>
<status status="PASS" start="2026-01-27T21:32:17.995566" elapsed="0.003935"/>
</kw>
<if>
<branch type="IF" condition="'${birthdate}' != '${NONE}'">
<kw name="Evaluate" owner="BuiltIn">
<msg time="2026-01-27T21:32:18.019220" level="INFO">${date} = 03-02-2005</msg>
<var>${date}</var>
<arg>"${birthdate}".replace("/", "-")</arg>
<doc>Evaluates the given expression in Python and returns the result.</doc>
<status status="PASS" start="2026-01-27T21:32:18.012335" elapsed="0.007520"/>
</kw>
<status status="PASS" start="2026-01-27T21:32:18.004685" elapsed="0.015733"/>
</branch>
<branch type="ELSE">
<kw name="Set Variable" owner="BuiltIn">
<var>${date}</var>
<arg>""</arg>
<doc>Returns the given values which can then be assigned to a variables.</doc>
<status status="NOT RUN" start="2026-01-27T21:32:18.024412" elapsed="0.024352"/>
</kw>
<status status="NOT RUN" start="2026-01-27T21:32:18.020850" elapsed="0.028729"/>
</branch>
<status status="PASS" start="2026-01-27T21:32:18.004497" elapsed="0.045630"/>
</if>
<kw name="Wait Until Element Is Visible" owner="SeleniumLibrary">
<arg>${locbirthday}</arg>
<arg>3s</arg>
<doc>Waits until the element ``locator`` is visible.</doc>
<status status="PASS" start="2026-01-27T21:32:18.050792" elapsed="0.122653"/>
</kw>
<kw name="Clear Element Text" owner="SeleniumLibrary">
<arg>${locbirthday}</arg>
<doc>Clears the value of the text-input-element identified by ``locator``.</doc>
<status status="PASS" start="2026-01-27T21:32:18.174570" elapsed="0.161721"/>
</kw>
<kw name="Input Text" owner="SeleniumLibrary">
<msg time="2026-01-27T21:32:18.337747" level="INFO">Typing text '03-02-2005' into text field '//input[@id='birthday']'.</msg>
<arg>${locbirthday}</arg>
<arg>${date}</arg>
<doc>Types the given ``text`` into the text field identified by ``locator``.</doc>
<status status="PASS" start="2026-01-27T21:32:18.336908" elapsed="0.274022"/>
</kw>
<arg>${i}</arg>
<status status="PASS" start="2026-01-27T21:32:17.986905" elapsed="0.624562"/>
</kw>
<kw name="Select Term" owner="registerKey">
<kw name="Read Excel Cell" owner="ExcelLibrary">
<msg time="2026-01-27T21:32:18.614631" level="INFO">${term} = ปีการศึกษา 2566/1</msg>
<var>${term}</var>
<arg>${i}</arg>
<arg>6</arg>
<doc>Returns content of a cell.</doc>
<status status="PASS" start="2026-01-27T21:32:18.613524" elapsed="0.001663"/>
</kw>
<kw name="Evaluate" owner="BuiltIn">
<msg time="2026-01-27T21:32:18.616694" level="INFO">${term} = ปีการศึกษา 2566/1</msg>
<var>${term}</var>
<arg>str("${term}").strip()</arg>
<doc>Evaluates the given expression in Python and returns the result.</doc>
<status status="PASS" start="2026-01-27T21:32:18.615748" elapsed="0.001700"/>
</kw>
<kw name="Wait Until Page Contains" owner="SeleniumLibrary">
<arg>ปีการศึกษา/เทอม:</arg>
<doc>Waits until ``text`` appears on the current page.</doc>
<status status="PASS" start="2026-01-27T21:32:18.618401" elapsed="0.034963"/>
</kw>
<kw name="Scroll Element Into View" owner="SeleniumLibrary">
<arg>${locTerm}</arg>
<doc>Scrolls the element identified by ``locator`` into view.</doc>
<status status="PASS" start="2026-01-27T21:32:18.654338" elapsed="0.341616"/>
</kw>
<kw name="Wait Until Element Is Visible" owner="SeleniumLibrary">
<arg>${locTerm}</arg>
<arg>2s</arg>
<doc>Waits until the element ``locator`` is visible.</doc>
<status status="PASS" start="2026-01-27T21:32:18.996541" elapsed="0.042338"/>
</kw>
<kw name="Run Keyword And Ignore Error" owner="BuiltIn">
<kw name="Select From List By Label" owner="SeleniumLibrary">
<msg time="2026-01-27T21:32:19.044969" level="INFO">Selecting options from selection list '//select[@id='term']' by label ปีการศึกษา 2566/1.</msg>
<arg>${locTerm}</arg>
<arg>${term}</arg>
<doc>Selects options from selection list ``locator`` by ``labels``.</doc>
<status status="PASS" start="2026-01-27T21:32:19.043475" elapsed="0.434935"/>
</kw>
<arg>Select From List By Label</arg>
<arg>${locTerm}</arg>
<arg>${term}</arg>
<doc>Runs the given keyword with the given arguments and ignores possible error.</doc>
<status status="PASS" start="2026-01-27T21:32:19.041091" elapsed="0.438074"/>
</kw>
<arg>${i}</arg>
<status status="PASS" start="2026-01-27T21:32:18.612102" elapsed="0.867741"/>
</kw>
<kw name=" Input Form stucode and Major" owner="registerKey">
<kw name="Run Keyword And Ignore Error" owner="BuiltIn">
<kw name="Wait Until Element Is Visible" owner="SeleniumLibrary">
<arg>${locStudentid}</arg>
<doc>Waits until the element ``locator`` is visible.</doc>
<status status="PASS" start="2026-01-27T21:32:19.483506" elapsed="0.073048"/>
</kw>
<arg>Wait Until Element Is Visible</arg>
<arg>${locStudentid}</arg>
<doc>Runs the given keyword with the given arguments and ignores possible error.</doc>
<status status="PASS" start="2026-01-27T21:32:19.482741" elapsed="0.074642"/>
</kw>
<kw name="Read Excel Cell" owner="ExcelLibrary">
<msg time="2026-01-27T21:32:19.561624" level="INFO">${stucode} = 6504106300</msg>
<var>${stucode}</var>
<arg>${i}</arg>
<arg>7</arg>
<doc>Returns content of a cell.</doc>
<status status="PASS" start="2026-01-27T21:32:19.559166" elapsed="0.003033"/>
</kw>
<if>
<branch type="IF" condition="'${stucode}' == '${NONE}'">
<kw name="Set Variable" owner="BuiltIn">
<var>${stucode}</var>
<doc>Returns the given values which can then be assigned to a variables.</doc>
<status status="NOT RUN" start="2026-01-27T21:32:19.564092" elapsed="0.000430"/>
</kw>
<status status="NOT RUN" start="2026-01-27T21:32:19.562786" elapsed="0.002120"/>
</branch>
<status status="PASS" start="2026-01-27T21:32:19.562714" elapsed="0.002780"/>
</if>
<kw name="Input Text" owner="SeleniumLibrary">
<msg time="2026-01-27T21:32:19.570105" level="INFO">Typing text '6504106300' into text field '//input[@id='stucode']'.</msg>
<arg>${locStudentid}</arg>
<arg>${stucode}</arg>
<doc>Types the given ``text`` into the text field identified by ``locator``.</doc>
<status status="PASS" start="2026-01-27T21:32:19.566149" elapsed="0.358124"/>
</kw>
<kw name="Read Excel Cell" owner="ExcelLibrary">
<msg time="2026-01-27T21:32:19.930042" level="INFO">${Major} = เทคโนโลยีสารสนเทศ</msg>
<var>${Major}</var>
<arg>${i}</arg>
<arg>8</arg>
<doc>Returns content of a cell.</doc>
<status status="PASS" start="2026-01-27T21:32:19.925632" elapsed="0.005535"/>
</kw>
<if>
<branch type="IF" condition="'${Major}' == '${NONE}'">
<kw name="Set Variable" owner="BuiltIn">
<var>${Major}</var>
<doc>Returns the given values which can then be assigned to a variables.</doc>
<status status="NOT RUN" start="2026-01-27T21:32:19.934337" elapsed="0.001108"/>
</kw>
<status status="NOT RUN" start="2026-01-27T21:32:19.932095" elapsed="0.004054"/>
</branch>
<status status="PASS" start="2026-01-27T21:32:19.931868" elapsed="0.007672"/>
</if>
<kw name="Input Text" owner="SeleniumLibrary">
<msg time="2026-01-27T21:32:19.941735" level="INFO">Typing text 'เทคโนโลยีสารสนเทศ' into text field '//input[@id='major']'.</msg>
<arg>${locMajor}</arg>
<arg>${Major}</arg>
<doc>Types the given ``text`` into the text field identified by ``locator``.</doc>
<status status="PASS" start="2026-01-27T21:32:19.940205" elapsed="0.405869"/>
</kw>
<arg>${i}</arg>
<status status="PASS" start="2026-01-27T21:32:19.481195" elapsed="0.865407"/>
</kw>
<kw name="Select Faculty" owner="registerKey">
<kw name="Read Excel Cell" owner="ExcelLibrary">
<msg time="2026-01-27T21:32:20.355102" level="INFO">${faculty} = เทคโนโลยีการประมงเเละทรัพยากรทางน้ำ</msg>
<var>${faculty}</var>
<arg>${i}</arg>
<arg>9</arg>
<doc>Returns content of a cell.</doc>
<status status="PASS" start="2026-01-27T21:32:20.353117" elapsed="0.002576"/>
</kw>
<kw name="Evaluate" owner="BuiltIn">
<msg time="2026-01-27T21:32:20.358377" level="INFO">${faculty} = เทคโนโลยีการประมงเเละทรัพยากรทางน้ำ</msg>
<var>${faculty}</var>
<arg>str("${faculty}").strip()</arg>
<doc>Evaluates the given expression in Python and returns the result.</doc>
<status status="PASS" start="2026-01-27T21:32:20.356460" elapsed="0.002707"/>
</kw>
<kw name="Log" owner="BuiltIn">
<msg time="2026-01-27T21:32:20.361990" level="INFO">Faculty from Excel: เทคโนโลยีการประมงเเละทรัพยากรทางน้ำ</msg>
<arg>Faculty from Excel: ${faculty}</arg>
<doc>Logs the given message with the given level.</doc>
<status status="PASS" start="2026-01-27T21:32:20.360306" elapsed="0.002756"/>
</kw>
<kw name="Wait Until Element Is Visible" owner="SeleniumLibrary">
<arg>${locFaculty}</arg>
<arg>5s</arg>
<doc>Waits until the element ``locator`` is visible.</doc>
<status status="PASS" start="2026-01-27T21:32:20.365353" elapsed="0.059783"/>
</kw>
<kw name="Get List Items" owner="SeleniumLibrary">
<msg time="2026-01-27T21:32:21.346665" level="INFO">${options} = ['สังกัดคณะ/โครงการ', 'เทคโนโลยีการประมงเเละทรัพยากรทางน้ำ', 'โครงการอันเนื่องมาจากพระราชดำริด้านการเกษตร', 'โครงการศูนย์เกษตรอินทรีย์มหาวิทยาลัยแม่โจ้', 'โครงการฐานเรียนรู้การผลิตพืชผัก', 'โครงการการ...</msg>
<var>${options}</var>
<arg>${locFaculty}</arg>
<doc>Returns all labels or values of selection list ``locator``.</doc>
<status status="PASS" start="2026-01-27T21:32:20.426621" elapsed="0.921598"/>
</kw>
<kw name="Log List" owner="Collections">
<msg time="2026-01-27T21:32:21.350341" level="INFO">List length is 9 and it contains following items:
0: สังกัดคณะ/โครงการ
1: เทคโนโลยีการประมงเเละทรัพยากรทางน้ำ
2: โครงการอันเนื่องมาจากพระราชดำริด้านการเกษตร
3: โครงการศูนย์เกษตรอินทรีย์มหาวิทยาลัยแม่โจ้
4: โครงการฐานเรียนรู้การผลิตพืชผัก
5: โครงการการศึกษาและพัฒนาเครื่องดื่มสุขภาพ
6: โครงการถ่ายทอดองค์ความรู้การผลิตผัก
7: โครงการปรับปรุงพันธุ์และผลิตเมล็ดพันธุ์ผัก
8: โครงการฐานเรียนรู้การผลิตเห็ดเศรษฐกิจ</msg>
<arg>${options}</arg>
<doc>Logs the length and contents of the ``list`` using given ``level``.</doc>
<status status="PASS" start="2026-01-27T21:32:21.349171" elapsed="0.002124"/>
</kw>
<kw name="Run Keyword And Ignore Error" owner="BuiltIn">
<kw name="Select From List By Label" owner="SeleniumLibrary">
<msg time="2026-01-27T21:32:21.384205" level="INFO">Selecting options from selection list '//select[@id='faculty']' by label เทคโนโลยีการประมงเเละทรัพยากรทางน้ำ.</msg>
<arg>${locFaculty}</arg>
<arg>${faculty}</arg>
<doc>Selects options from selection list ``locator`` by ``labels``.</doc>
<status status="PASS" start="2026-01-27T21:32:21.358378" elapsed="0.897329"/>
</kw>
<arg>Select From List By Label</arg>
<arg>${locFaculty}</arg>
<arg>${faculty}</arg>
<doc>Runs the given keyword with the given arguments and ignores possible error.</doc>
<status status="PASS" start="2026-01-27T21:32:21.354262" elapsed="0.902264"/>
</kw>
<arg>${i}</arg>
<status status="PASS" start="2026-01-27T21:32:20.347858" elapsed="1.909493"/>
</kw>
<kw name="Input Form" owner="registerKey">
<kw name="Read Excel Cell" owner="ExcelLibrary">
<msg time="2026-01-27T21:32:22.268836" level="INFO">${reason} = ต้องการหารายได้มาลดค่าเทอม</msg>
<var>${reason}</var>
<arg>${i}</arg>
<arg>10</arg>
<doc>Returns content of a cell.</doc>
<status status="PASS" start="2026-01-27T21:32:22.262787" elapsed="0.007837"/>
</kw>
<if>
<branch type="IF" condition="'${reason}' == '${NONE}'">
<kw name="Set Variable" owner="BuiltIn">
<var>${reason}</var>
<doc>Returns the given values which can then be assigned to a variables.</doc>
<status status="NOT RUN" start="2026-01-27T21:32:22.275248" elapsed="0.001018"/>
</kw>
<status status="NOT RUN" start="2026-01-27T21:32:22.272045" elapsed="0.005937"/>
</branch>
<status status="PASS" start="2026-01-27T21:32:22.271925" elapsed="0.006817"/>
</if>
<kw name="Input Text" owner="SeleniumLibrary">
<msg time="2026-01-27T21:32:22.282778" level="INFO">Typing text 'ต้องการหารายได้มาลดค่าเทอม' into text field '//textarea[@id='reason']'.</msg>
<arg>${locReason}</arg>
<arg>${reason}</arg>
<doc>Types the given ``text`` into the text field identified by ``locator``.</doc>
<status status="PASS" start="2026-01-27T21:32:22.281173" elapsed="0.401542"/>
</kw>
<kw name="Read Excel Cell" owner="ExcelLibrary">
<msg time="2026-01-27T21:32:22.684307" level="INFO">${email} = MJU6504106300@mju.ac.th</msg>
<var>${email}</var>
<arg>${i}</arg>
<arg>11</arg>
<doc>Returns content of a cell.</doc>
<status status="PASS" start="2026-01-27T21:32:22.683402" elapsed="0.001295"/>
</kw>
<if>
<branch type="IF" condition="'${email}' == '${NONE}'">
<kw name="Set Variable" owner="BuiltIn">
<var>${email}</var>
<doc>Returns the given values which can then be assigned to a variables.</doc>
<status status="NOT RUN" start="2026-01-27T21:32:22.686214" elapsed="0.000630"/>
</kw>
<status status="NOT RUN" start="2026-01-27T21:32:22.685221" elapsed="0.002027"/>
</branch>
<status status="PASS" start="2026-01-27T21:32:22.685153" elapsed="0.002379"/>
</if>
<kw name="Input Text" owner="SeleniumLibrary">
<msg time="2026-01-27T21:32:22.692892" level="INFO">Typing text 'MJU6504106300@mju.ac.th' into text field '//input[@id='email']'.</msg>
<arg>${locemail}</arg>
<arg>${email}</arg>
<doc>Types the given ``text`` into the text field identified by ``locator``.</doc>
<status status="PASS" start="2026-01-27T21:32:22.687823" elapsed="0.300015"/>
</kw>
<kw name="Read Excel Cell" owner="ExcelLibrary">
<msg time="2026-01-27T21:32:22.991233" level="INFO">${password} = Siraprapha123</msg>
<var>${password}</var>
<arg>${i}</arg>
<arg>12</arg>
<doc>Returns content of a cell.</doc>
<status status="PASS" start="2026-01-27T21:32:22.989615" elapsed="0.002268"/>
</kw>
<if>
<branch type="IF" condition="'${password}' == '${NONE}'">
<kw name="Set Variable" owner="BuiltIn">
<var>${password}</var>
<doc>Returns the given values which can then be assigned to a variables.</doc>
<status status="NOT RUN" start="2026-01-27T21:32:22.993817" elapsed="0.001593"/>
</kw>
<status status="NOT RUN" start="2026-01-27T21:32:22.992367" elapsed="0.006555"/>
</branch>
<status status="PASS" start="2026-01-27T21:32:22.992305" elapsed="0.006836"/>
</if>
<kw name="Scroll Element Into View" owner="SeleniumLibrary">
<arg>${locPassword}</arg>
<doc>Scrolls the element identified by ``locator`` into view.</doc>
<status status="PASS" start="2026-01-27T21:32:22.999430" elapsed="0.336086"/>
</kw>
<kw name="Input Password" owner="SeleniumLibrary">
<msg time="2026-01-27T21:32:23.338582" level="INFO">Typing password into text field '//input[@id='password']'.</msg>
<msg time="2026-01-27T21:32:23.778130" level="INFO">Temporally setting log level to: NONE</msg>
<arg>${locPassword}</arg>
<arg>${password}</arg>
<doc>Types the given password into the text field identified by ``locator``.</doc>
<status status="PASS" start="2026-01-27T21:32:23.336471" elapsed="0.787032"/>
</kw>
<kw name="Wait Until Element Is Visible" owner="SeleniumLibrary">
<arg>${locbtn}</arg>
<doc>Waits until the element ``locator`` is visible.</doc>
<status status="PASS" start="2026-01-27T21:32:24.124335" elapsed="0.099820"/>
</kw>
<arg>${i}</arg>
<status status="PASS" start="2026-01-27T21:32:22.259598" elapsed="1.965582"/>
</kw>
<kw name="Button Click" owner="registerKey">
<kw name="Execute Javascript" owner="SeleniumLibrary">
<msg time="2026-01-27T21:32:24.233621" level="INFO">Executing JavaScript:
window.scrollTo(0, document.body.scrollHeight);
Without any arguments.</msg>
<arg>window.scrollTo(0, document.body.scrollHeight);</arg>
<doc>Executes the given JavaScript code with possible arguments.</doc>
<status status="PASS" start="2026-01-27T21:32:24.229855" elapsed="0.037039"/>
</kw>
<kw name="Wait Until Page Contains" owner="SeleniumLibrary">
<arg>ลงทะเบียน</arg>
<doc>Waits until ``text`` appears on the current page.</doc>
<status status="PASS" start="2026-01-27T21:32:24.268979" elapsed="0.043159"/>
</kw>
<kw name="Click Button" owner="SeleniumLibrary">
<msg time="2026-01-27T21:32:24.313430" level="INFO">Clicking button '//input[@type="submit"]'.</msg>
<arg>${locbtn}</arg>
<doc>Clicks the button identified by ``locator``.</doc>
<status status="PASS" start="2026-01-27T21:32:24.312825" elapsed="1.900548"/>
</kw>
<status status="PASS" start="2026-01-27T21:32:24.226834" elapsed="1.987156"/>
</kw>
<kw name="Handle Alert And Validate" owner="registerKey">
<kw name="Read Excel Cell" owner="ExcelLibrary">
<msg time="2026-01-27T21:32:26.217285" level="INFO">${Expec} = สมัครสมาชิกสำเร็จ รอการอนุมัติ</msg>
<var>${Expec}</var>
<arg>${i}</arg>
<arg>13</arg>
<doc>Returns content of a cell.</doc>
<status status="PASS" start="2026-01-27T21:32:26.216310" elapsed="0.020637"/>
</kw>
<kw name="Sleep" owner="BuiltIn">
<msg time="2026-01-27T21:32:27.824377" level="INFO">Slept 1 second 500 milliseconds.</msg>
<arg>1.5s</arg>
<doc>Pauses the test executed for the given time.</doc>
<status status="PASS" start="2026-01-27T21:32:26.244925" elapsed="1.599665"/>
</kw>
<kw name="Run Keyword And Ignore Error" owner="BuiltIn">
<kw name="Handle Alert" owner="SeleniumLibrary">
<msg time="2026-01-27T21:32:27.854440" level="INFO">HANDLE::&lt;class 'datetime.timedelta'&gt;::0:00:02</msg>
<arg>leave</arg>
<arg>2s</arg>
<doc>Handles the current alert and returns its message.</doc>
<status status="PASS" start="2026-01-27T21:32:27.850277" elapsed="0.159204"/>
</kw>
<msg time="2026-01-27T21:32:28.010685" level="INFO">${status} = PASS</msg>
<msg time="2026-01-27T21:32:28.011498" level="INFO">${result} = สมัครสมาชิกสำเร็จ รอการอนุมัติ</msg>
<var>${status}</var>
<var>${result}</var>
<arg>Handle Alert</arg>
<arg>leave</arg>
<arg>2s</arg>
<doc>Runs the given keyword with the given arguments and ignores possible error.</doc>
<status status="PASS" start="2026-01-27T21:32:27.846566" elapsed="0.165588"/>
</kw>
<kw name="Run Keyword If" owner="BuiltIn">
<kw name="Write Excel Cell" owner="ExcelLibrary">
<arg>${i}</arg>
<arg>14</arg>
<arg>${result}</arg>
<doc>Writes value to the cell.</doc>
<status status="PASS" start="2026-01-27T21:32:28.043106" elapsed="0.012924"/>
</kw>
<arg>'${status}'=='PASS'</arg>
<arg>Write Excel Cell</arg>
<arg>${i}</arg>
<arg>14</arg>
<arg>${result}</arg>
<doc>Runs the given keyword with the given arguments, if ``condition`` is true.</doc>
<status status="PASS" start="2026-01-27T21:32:28.022007" elapsed="0.034931"/>
</kw>
<kw name="Create List" owner="BuiltIn">
<msg time="2026-01-27T21:32:28.081467" level="INFO">${locators} = ['//label[@id="alertName"]', '//label[@id="alertPhone"]', '//label[@id="alertBirthday"]', '//label[@id="alertTerm"]', '//label[@id="alertStuID"]', '//label[@id="alertMajor"]', '//label[@id="alertFacul...</msg>
<var>${locators}</var>
<arg>${alertName}</arg>
<arg>${alertPhone}</arg>
<arg>${alertBirthday}</arg>
<arg>${alertTerm}</arg>
<arg>${alertStuID}</arg>
<arg>${alertMajor}</arg>
<arg>${alertFaculty}</arg>
<arg>${alertReason}</arg>
<arg>${alertEmail}</arg>
<arg>${alertPassword}</arg>
<doc>Returns a list containing given items.</doc>
<status status="PASS" start="2026-01-27T21:32:28.073351" elapsed="0.008998"/>
</kw>
<kw name="Get Visible Alert" owner="registerKey">
<for flavor="IN">
<iter>
<kw name="Run Keyword And Return Status" owner="BuiltIn">
<kw name="Wait Until Element Is Visible" owner="SeleniumLibrary">
<msg time="2026-01-27T21:32:28.518358" level="INFO" html="true">&lt;/td&gt;&lt;/tr&gt;&lt;tr&gt;&lt;td colspan="3"&gt;&lt;a href="selenium-screenshot-1.png"&gt;&lt;img src="selenium-screenshot-1.png" width="800px"&gt;&lt;/a&gt;</msg>
<msg time="2026-01-27T21:32:28.519112" level="FAIL">UnexpectedAlertPresentException: Alert Text: สมัครสมาชิกสำเร็จ รอการอนุมัติ
Message: unexpected alert open: {Alert text : สมัครสมาชิกสำเร็จ รอการอนุมัติ}
  (Session info: chrome=144.0.7559.97)
Stacktrace:
Symbols not available. Dumping unresolved backtrace:
	0x7ff7f8a75715
	0x7ff7f8a75770
	0x7ff7f882108d
	0x7ff7f88ca8cb
	0x7ff7f886cc28
	0x7ff7f886db33
	0x7ff7f8d5e9f0
	0x7ff7f8d58ded
	0x7ff7f8d7969a
	0x7ff7f8a911e5
	0x7ff7f8a999cc
	0x7ff7f8a7ebf4
	0x7ff7f8a7eda6
	0x7ff7f8a64e87
	0x7ff86416e8d7
	0x7ff864dec53c
</msg>
<arg>${loc}</arg>
<arg>2s</arg>
<doc>Waits until the element ``locator`` is visible.</doc>
<status status="FAIL" start="2026-01-27T21:32:28.149522" elapsed="0.429203">UnexpectedAlertPresentException: Alert Text: สมัครสมาชิกสำเร็จ รอการอนุมัติ
Message: unexpected alert open: {Alert text : สมัครสมาชิกสำเร็จ รอการอนุมัติ}
  (Session info: chrome=144.0.7559.97)
Stacktrace:
Symbols not available. Dumping unresolved backtrace:
	0x7ff7f8a75715
	0x7ff7f8a75770
	0x7ff7f882108d
	0x7ff7f88ca8cb
	0x7ff7f886cc28
	0x7ff7f886db33
	0x7ff7f8d5e9f0
	0x7ff7f8d58ded
	0x7ff7f8d7969a
	0x7ff7f8a911e5
	0x7ff7f8a999cc
	0x7ff7f8a7ebf4
	0x7ff7f8a7eda6
	0x7ff7f8a64e87
	0x7ff86416e8d7
	0x7ff864dec53c
</status>
</kw>
<msg time="2026-01-27T21:32:28.580081" level="INFO">${status} = False</msg>
<var>${status}</var>
<arg>Wait Until Element Is Visible</arg>
<arg>${loc}</arg>
<arg>2s</arg>
<doc>Runs the given keyword with given arguments and returns the status as a Boolean value.</doc>
<status status="PASS" start="2026-01-27T21:32:28.139983" elapsed="0.442660"/>
</kw>
<if>
<branch type="IF" condition="${status}">
<kw name="Get Text" owner="SeleniumLibrary">
<var>${msg}</var>
<arg>${loc}</arg>
<doc>Returns the text value of the element identified by ``locator``.</doc>
<status status="NOT RUN" start="2026-01-27T21:32:28.591861" elapsed="0.000560"/>
</kw>
<return>
<value>${msg}</value>
<status status="NOT RUN" start="2026-01-27T21:32:28.592930" elapsed="0.000317"/>
</return>
<status status="NOT RUN" start="2026-01-27T21:32:28.583299" elapsed="0.010239"/>
</branch>
<status status="PASS" start="2026-01-27T21:32:28.583195" elapsed="0.010596"/>
</if>
<var name="${loc}">//label[@id="alertName"]</var>
<status status="PASS" start="2026-01-27T21:32:28.123792" elapsed="0.473234"/>
</iter>
<iter>
<kw name="Run Keyword And Return Status" owner="BuiltIn">
<kw name="Wait Until Element Is Visible" owner="SeleniumLibrary">
<msg time="2026-01-27T21:32:30.977426" level="INFO" html="true">&lt;/td&gt;&lt;/tr&gt;&lt;tr&gt;&lt;td colspan="3"&gt;&lt;a href="selenium-screenshot-2.png"&gt;&lt;img src="selenium-screenshot-2.png" width="800px"&gt;&lt;/a&gt;</msg>
<msg time="2026-01-27T21:32:30.978305" level="FAIL">Element '//label[@id="alertPhone"]' not visible after 2 seconds.</msg>
<arg>${loc}</arg>
<arg>2s</arg>
<doc>Waits until the element ``locator`` is visible.</doc>
<status status="FAIL" start="2026-01-27T21:32:28.612018" elapsed="2.377955">Element '//label[@id="alertPhone"]' not visible after 2 seconds.</status>
</kw>
<msg time="2026-01-27T21:32:30.998037" level="INFO">${status} = False</msg>
<var>${status}</var>
<arg>Wait Until Element Is Visible</arg>
<arg>${loc}</arg>
<arg>2s</arg>
<doc>Runs the given keyword with given arguments and returns the status as a Boolean value.</doc>
<status status="PASS" start="2026-01-27T21:32:28.601734" elapsed="2.397066"/>
</kw>
<if>
<branch type="IF" condition="${status}">
<kw name="Get Text" owner="SeleniumLibrary">
<var>${msg}</var>
<arg>${loc}</arg>
<doc>Returns the text value of the element identified by ``locator``.</doc>
<status status="NOT RUN" start="2026-01-27T21:32:31.005873" elapsed="0.002483"/>
</kw>
<return>
<value>${msg}</value>
<status status="NOT RUN" start="2026-01-27T21:32:31.009086" elapsed="0.000539"/>
</return>
<status status="NOT RUN" start="2026-01-27T21:32:31.002423" elapsed="0.010017"/>
</branch>
<status status="PASS" start="2026-01-27T21:32:31.001655" elapsed="0.015173"/>
</if>
<var name="${loc}">//label[@id="alertPhone"]</var>
<status status="PASS" start="2026-01-27T21:32:28.601103" elapsed="2.415924"/>
</iter>
<iter>
<kw name="Run Keyword And Return Status" owner="BuiltIn">
<kw name="Wait Until Element Is Visible" owner="SeleniumLibrary">
<msg time="2026-01-27T21:32:33.422813" level="INFO" html="true">&lt;/td&gt;&lt;/tr&gt;&lt;tr&gt;&lt;td colspan="3"&gt;&lt;a href="selenium-screenshot-3.png"&gt;&lt;img src="selenium-screenshot-3.png" width="800px"&gt;&lt;/a&gt;</msg>
<msg time="2026-01-27T21:32:33.424904" level="FAIL">Element '//label[@id="alertBirthday"]' not visible after 2 seconds.</msg>
<arg>${loc}</arg>
<arg>2s</arg>
<doc>Waits until the element ``locator`` is visible.</doc>
<status status="FAIL" start="2026-01-27T21:32:31.027615" elapsed="2.414628">Element '//label[@id="alertBirthday"]' not visible after 2 seconds.</status>
</kw>
<msg time="2026-01-27T21:32:33.448405" level="INFO">${status} = False</msg>
<var>${status}</var>
<arg>Wait Until Element Is Visible</arg>
<arg>${loc}</arg>
<arg>2s</arg>
<doc>Runs the given keyword with given arguments and returns the status as a Boolean value.</doc>
<status status="PASS" start="2026-01-27T21:32:31.021654" elapsed="2.427581"/>
</kw>
<if>
<branch type="IF" condition="${status}">
<kw name="Get Text" owner="SeleniumLibrary">
<var>${msg}</var>
<arg>${loc}</arg>
<doc>Returns the text value of the element identified by ``locator``.</doc>
<status status="NOT RUN" start="2026-01-27T21:32:33.459449" elapsed="0.014392"/>
</kw>
<return>
<value>${msg}</value>
<status status="NOT RUN" start="2026-01-27T21:32:33.475092" elapsed="0.004450"/>
</return>
<status status="NOT RUN" start="2026-01-27T21:32:33.451940" elapsed="0.028392"/>
</branch>
<status status="PASS" start="2026-01-27T21:32:33.451786" elapsed="0.030772"/>
</if>
<var name="${loc}">//label[@id="alertBirthday"]</var>
<status status="PASS" start="2026-01-27T21:32:31.020189" elapsed="2.462581"/>
</iter>
<iter>
<kw name="Run Keyword And Return Status" owner="BuiltIn">
<kw name="Wait Until Element Is Visible" owner="SeleniumLibrary">
<msg time="2026-01-27T21:32:35.945409" level="INFO" html="true">&lt;/td&gt;&lt;/tr&gt;&lt;tr&gt;&lt;td colspan="3"&gt;&lt;a href="selenium-screenshot-4.png"&gt;&lt;img src="selenium-screenshot-4.png" width="800px"&gt;&lt;/a&gt;</msg>
<msg time="2026-01-27T21:32:35.946138" level="FAIL">Element '//label[@id="alertTerm"]' not visible after 2 seconds.</msg>
<arg>${loc}</arg>
<arg>2s</arg>
<doc>Waits until the element ``locator`` is visible.</doc>
<status status="FAIL" start="2026-01-27T21:32:33.488656" elapsed="2.464837">Element '//label[@id="alertTerm"]' not visible after 2 seconds.</status>
</kw>
<msg time="2026-01-27T21:32:35.954049" level="INFO">${status} = False</msg>
<var>${status}</var>
<arg>Wait Until Element Is Visible</arg>
<arg>${loc}</arg>
<arg>2s</arg>
<doc>Runs the given keyword with given arguments and returns the status as a Boolean value.</doc>
<status status="PASS" start="2026-01-27T21:32:33.486058" elapsed="2.468815"/>
</kw>
<if>
<branch type="IF" condition="${status}">
<kw name="Get Text" owner="SeleniumLibrary">
<var>${msg}</var>
<arg>${loc}</arg>
<doc>Returns the text value of the element identified by ``locator``.</doc>
<status status="NOT RUN" start="2026-01-27T21:32:35.955851" elapsed="0.000374"/>
</kw>
<return>
<value>${msg}</value>
<status status="NOT RUN" start="2026-01-27T21:32:35.957127" elapsed="0.000679"/>
</return>
<status status="NOT RUN" start="2026-01-27T21:32:35.955333" elapsed="0.002778"/>
</branch>
<status status="PASS" start="2026-01-27T21:32:35.955282" elapsed="0.004637"/>
</if>
<var name="${loc}">//label[@id="alertTerm"]</var>
<status status="PASS" start="2026-01-27T21:32:33.484359" elapsed="2.475691"/>
</iter>
<iter>
<kw name="Run Keyword And Return Status" owner="BuiltIn">
<kw name="Wait Until Element Is Visible" owner="SeleniumLibrary">
<msg time="2026-01-27T21:32:38.320984" level="INFO" html="true">&lt;/td&gt;&lt;/tr&gt;&lt;tr&gt;&lt;td colspan="3"&gt;&lt;a href="selenium-screenshot-5.png"&gt;&lt;img src="selenium-screenshot-5.png" width="800px"&gt;&lt;/a&gt;</msg>
<msg time="2026-01-27T21:32:38.321966" level="FAIL">Element '//label[@id="alertStuID"]' not visible after 2 seconds.</msg>
<arg>${loc}</arg>
<arg>2s</arg>
<doc>Waits until the element ``locator`` is visible.</doc>
<status status="FAIL" start="2026-01-27T21:32:35.963230" elapsed="2.367501">Element '//label[@id="alertStuID"]' not visible after 2 seconds.</status>
</kw>
<msg time="2026-01-27T21:32:38.332758" level="INFO">${status} = False</msg>
<var>${status}</var>
<arg>Wait Until Element Is Visible</arg>
<arg>${loc}</arg>
<arg>2s</arg>
<doc>Runs the given keyword with given arguments and returns the status as a Boolean value.</doc>
<status status="PASS" start="2026-01-27T21:32:35.961278" elapsed="2.372432"/>
</kw>
<if>
<branch type="IF" condition="${status}">
<kw name="Get Text" owner="SeleniumLibrary">
<var>${msg}</var>
<arg>${loc}</arg>
<doc>Returns the text value of the element identified by ``locator``.</doc>
<status status="NOT RUN" start="2026-01-27T21:32:38.336022" elapsed="0.000675"/>
</kw>
<return>
<value>${msg}</value>
<status status="NOT RUN" start="2026-01-27T21:32:38.337357" elapsed="0.000567"/>
</return>
<status status="NOT RUN" start="2026-01-27T21:32:38.334777" elapsed="0.003628"/>
</branch>
<status status="PASS" start="2026-01-27T21:32:38.334646" elapsed="0.004016"/>
</if>
<var name="${loc}">//label[@id="alertStuID"]</var>
<status status="PASS" start="2026-01-27T21:32:35.960703" elapsed="2.378082"/>
</iter>
<iter>
<kw name="Run Keyword And Return Status" owner="BuiltIn">
<kw name="Wait Until Element Is Visible" owner="SeleniumLibrary">
<msg time="2026-01-27T21:32:40.542816" level="INFO" html="true">&lt;/td&gt;&lt;/tr&gt;&lt;tr&gt;&lt;td colspan="3"&gt;&lt;a href="selenium-screenshot-6.png"&gt;&lt;img src="selenium-screenshot-6.png" width="800px"&gt;&lt;/a&gt;</msg>
<msg time="2026-01-27T21:32:40.543607" level="FAIL">Element '//label[@id="alertMajor"]' not visible after 2 seconds.</msg>
<arg>${loc}</arg>
<arg>2s</arg>
<doc>Waits until the element ``locator`` is visible.</doc>
<status status="FAIL" start="2026-01-27T21:32:38.340803" elapsed="2.208648">Element '//label[@id="alertMajor"]' not visible after 2 seconds.</status>
</kw>
<msg time="2026-01-27T21:32:40.550235" level="INFO">${status} = False</msg>
<var>${status}</var>
<arg>Wait Until Element Is Visible</arg>
<arg>${loc}</arg>
<arg>2s</arg>
<doc>Runs the given keyword with given arguments and returns the status as a Boolean value.</doc>
<status status="PASS" start="2026-01-27T21:32:38.340062" elapsed="2.210782"/>
</kw>
<if>
<branch type="IF" condition="${status}">
<kw name="Get Text" owner="SeleniumLibrary">
<var>${msg}</var>
<arg>${loc}</arg>
<doc>Returns the text value of the element identified by ``locator``.</doc>
<status status="NOT RUN" start="2026-01-27T21:32:40.553972" elapsed="0.000681"/>
</kw>
<return>
<value>${msg}</value>
<status status="NOT RUN" start="2026-01-27T21:32:40.555062" elapsed="0.000192"/>
</return>
<status status="NOT RUN" start="2026-01-27T21:32:40.551758" elapsed="0.003657"/>
</branch>
<status status="PASS" start="2026-01-27T21:32:40.551598" elapsed="0.003985"/>
</if>
<var name="${loc}">//label[@id="alertMajor"]</var>
<status status="PASS" start="2026-01-27T21:32:38.339467" elapsed="2.216202"/>
</iter>
<iter>
<kw name="Run Keyword And Return Status" owner="BuiltIn">
<kw name="Wait Until Element Is Visible" owner="SeleniumLibrary">
<msg time="2026-01-27T21:32:42.824487" level="INFO" html="true">&lt;/td&gt;&lt;/tr&gt;&lt;tr&gt;&lt;td colspan="3"&gt;&lt;a href="selenium-screenshot-7.png"&gt;&lt;img src="selenium-screenshot-7.png" width="800px"&gt;&lt;/a&gt;</msg>
<msg time="2026-01-27T21:32:42.828057" level="FAIL">Element '//label[@id="alertFaculty"]' not visible after 2 seconds.</msg>
<arg>${loc}</arg>
<arg>2s</arg>
<doc>Waits until the element ``locator`` is visible.</doc>
<status status="FAIL" start="2026-01-27T21:32:40.563906" elapsed="2.274718">Element '//label[@id="alertFaculty"]' not visible after 2 seconds.</status>
</kw>
<msg time="2026-01-27T21:32:42.840248" level="INFO">${status} = False</msg>
<var>${status}</var>
<arg>Wait Until Element Is Visible</arg>
<arg>${loc}</arg>
<arg>2s</arg>
<doc>Runs the given keyword with given arguments and returns the status as a Boolean value.</doc>
<status status="PASS" start="2026-01-27T21:32:40.560196" elapsed="2.280598"/>
</kw>
<if>
<branch type="IF" condition="${status}">
<kw name="Get Text" owner="SeleniumLibrary">
<var>${msg}</var>
<arg>${loc}</arg>
<doc>Returns the text value of the element identified by ``locator``.</doc>
<status status="NOT RUN" start="2026-01-27T21:32:42.846604" elapsed="0.001340"/>
</kw>
<return>
<value>${msg}</value>
<status status="NOT RUN" start="2026-01-27T21:32:42.848859" elapsed="0.000334"/>
</return>
<status status="NOT RUN" start="2026-01-27T21:32:42.841673" elapsed="0.007761"/>
</branch>
<status status="PASS" start="2026-01-27T21:32:42.841539" elapsed="0.008135"/>
</if>
<var name="${loc}">//label[@id="alertFaculty"]</var>
<status status="PASS" start="2026-01-27T21:32:40.557791" elapsed="2.291956"/>
</iter>
<iter>
<kw name="Run Keyword And Return Status" owner="BuiltIn">
<kw name="Wait Until Element Is Visible" owner="SeleniumLibrary">
<msg time="2026-01-27T21:32:45.207669" level="INFO" html="true">&lt;/td&gt;&lt;/tr&gt;&lt;tr&gt;&lt;td colspan="3"&gt;&lt;a href="selenium-screenshot-8.png"&gt;&lt;img src="selenium-screenshot-8.png" width="800px"&gt;&lt;/a&gt;</msg>
<msg time="2026-01-27T21:32:45.208713" level="FAIL">Element '//label[@id="alertReason"]' not visible after 2 seconds.</msg>
<arg>${loc}</arg>
<arg>2s</arg>
<doc>Waits until the element ``locator`` is visible.</doc>
<status status="FAIL" start="2026-01-27T21:32:42.854530" elapsed="2.377511">Element '//label[@id="alertReason"]' not visible after 2 seconds.</status>
</kw>
<msg time="2026-01-27T21:32:45.233273" level="INFO">${status} = False</msg>
<var>${status}</var>
<arg>Wait Until Element Is Visible</arg>
<arg>${loc}</arg>
<arg>2s</arg>
<doc>Runs the given keyword with given arguments and returns the status as a Boolean value.</doc>
<status status="PASS" start="2026-01-27T21:32:42.851640" elapsed="2.386731"/>
</kw>
<if>
<branch type="IF" condition="${status}">
<kw name="Get Text" owner="SeleniumLibrary">
<var>${msg}</var>
<arg>${loc}</arg>
<doc>Returns the text value of the element identified by ``locator``.</doc>
<status status="NOT RUN" start="2026-01-27T21:32:45.249118" elapsed="0.000726"/>
</kw>
<return>
<value>${msg}</value>
<status status="NOT RUN" start="2026-01-27T21:32:45.250601" elapsed="0.003062"/>
</return>
<status status="NOT RUN" start="2026-01-27T21:32:45.245152" elapsed="0.009341"/>
</branch>
<status status="PASS" start="2026-01-27T21:32:45.244980" elapsed="0.010454"/>
</if>
<var name="${loc}">//label[@id="alertReason"]</var>
<status status="PASS" start="2026-01-27T21:32:42.850689" elapsed="2.407621"/>
</iter>
<iter>
<kw name="Run Keyword And Return Status" owner="BuiltIn">
<kw name="Wait Until Element Is Visible" owner="SeleniumLibrary">
<msg time="2026-01-27T21:32:47.648516" level="INFO" html="true">&lt;/td&gt;&lt;/tr&gt;&lt;tr&gt;&lt;td colspan="3"&gt;&lt;a href="selenium-screenshot-9.png"&gt;&lt;img src="selenium-screenshot-9.png" width="800px"&gt;&lt;/a&gt;</msg>
<msg time="2026-01-27T21:32:47.649280" level="FAIL">Element '//label[@id="alertEmail"]' not visible after 2 seconds.</msg>
<arg>${loc}</arg>
<arg>2s</arg>
<doc>Waits until the element ``locator`` is visible.</doc>
<status status="FAIL" start="2026-01-27T21:32:45.271665" elapsed="2.381873">Element '//label[@id="alertEmail"]' not visible after 2 seconds.</status>
</kw>
<msg time="2026-01-27T21:32:47.655204" level="INFO">${status} = False</msg>
<var>${status}</var>
<arg>Wait Until Element Is Visible</arg>
<arg>${loc}</arg>
<arg>2s</arg>
<doc>Runs the given keyword with given arguments and returns the status as a Boolean value.</doc>
<status status="PASS" start="2026-01-27T21:32:45.270644" elapsed="2.385053"/>
</kw>
<if>
<branch type="IF" condition="${status}">
<kw name="Get Text" owner="SeleniumLibrary">
<var>${msg}</var>
<arg>${loc}</arg>
<doc>Returns the text value of the element identified by ``locator``.</doc>
<status status="NOT RUN" start="2026-01-27T21:32:47.663263" elapsed="0.000606"/>
</kw>
<return>
<value>${msg}</value>
<status status="NOT RUN" start="2026-01-27T21:32:47.664530" elapsed="0.001616"/>
</return>
<status status="NOT RUN" start="2026-01-27T21:32:47.658163" elapsed="0.009449"/>
</branch>
<status status="PASS" start="2026-01-27T21:32:47.657977" elapsed="0.010209"/>
</if>
<var name="${loc}">//label[@id="alertEmail"]</var>
<status status="PASS" start="2026-01-27T21:32:45.269475" elapsed="2.398839"/>
</iter>
<iter>
<kw name="Run Keyword And Return Status" owner="BuiltIn">
<kw name="Wait Until Element Is Visible" owner="SeleniumLibrary">
<msg time="2026-01-27T21:32:50.044074" level="INFO" html="true">&lt;/td&gt;&lt;/tr&gt;&lt;tr&gt;&lt;td colspan="3"&gt;&lt;a href="selenium-screenshot-10.png"&gt;&lt;img src="selenium-screenshot-10.png" width="800px"&gt;&lt;/a&gt;</msg>
<msg time="2026-01-27T21:32:50.045009" level="FAIL">Element '//label[@id="alertPassword"]' not visible after 2 seconds.</msg>
<arg>${loc}</arg>
<arg>2s</arg>
<doc>Waits until the element ``locator`` is visible.</doc>
<status status="FAIL" start="2026-01-27T21:32:47.670925" elapsed="2.382453">Element '//label[@id="alertPassword"]' not visible after 2 seconds.</status>
</kw>
<msg time="2026-01-27T21:32:50.054085" level="INFO">${status} = False</msg>
<var>${status}</var>
<arg>Wait Until Element Is Visible</arg>
<arg>${loc}</arg>
<arg>2s</arg>
<doc>Runs the given keyword with given arguments and returns the status as a Boolean value.</doc>
<status status="PASS" start="2026-01-27T21:32:47.669844" elapsed="2.384556"/>
</kw>
<if>
<branch type="IF" condition="${status}">
<kw name="Get Text" owner="SeleniumLibrary">
<var>${msg}</var>
<arg>${loc}</arg>
<doc>Returns the text value of the element identified by ``locator``.</doc>
<status status="NOT RUN" start="2026-01-27T21:32:50.055870" elapsed="0.000415"/>
</kw>
<return>
<value>${msg}</value>
<status status="NOT RUN" start="2026-01-27T21:32:50.056661" elapsed="0.000222"/>
</return>
<status status="NOT RUN" start="2026-01-27T21:32:50.054886" elapsed="0.002281"/>
</branch>
<status status="PASS" start="2026-01-27T21:32:50.054816" elapsed="0.002590"/>
</if>
<var name="${loc}">//label[@id="alertPassword"]</var>
<status status="PASS" start="2026-01-27T21:32:47.669152" elapsed="2.388417"/>
</iter>
<var>${loc}</var>
<value>@{locators}</value>
<status status="PASS" start="2026-01-27T21:32:28.105004" elapsed="21.952915"/>
</for>
<return>
<value>NONE</value>
<status status="PASS" start="2026-01-27T21:32:50.058287" elapsed="0.000500"/>
</return>
<msg time="2026-01-27T21:32:50.059716" level="INFO">${alert_text} = NONE</msg>
<var>${alert_text}</var>
<arg>${locators}</arg>
<status status="PASS" start="2026-01-27T21:32:28.092120" elapsed="21.968160"/>
</kw>
<kw name="Run Keyword If" owner="BuiltIn">
<arg>'${status}'!='PASS'</arg>
<arg>Write Excel Cell</arg>
<arg>${i}</arg>
<arg>14</arg>
<arg>${alert_text}</arg>
<doc>Runs the given keyword with the given arguments, if ``condition`` is true.</doc>
<status status="PASS" start="2026-01-27T21:32:50.061125" elapsed="0.001850"/>
</kw>
<for flavor="IN">
<iter>
<kw name="Run Keyword And Return Status" owner="BuiltIn">
<kw name="Element Should Be Visible" owner="SeleniumLibrary">
<msg time="2026-01-27T21:32:50.305990" level="INFO" html="true">&lt;/td&gt;&lt;/tr&gt;&lt;tr&gt;&lt;td colspan="3"&gt;&lt;a href="selenium-screenshot-11.png"&gt;&lt;img src="selenium-screenshot-11.png" width="800px"&gt;&lt;/a&gt;</msg>
<msg time="2026-01-27T21:32:50.306941" level="FAIL">Element with locator '//label[@id="alertName"]' not found.</msg>
<arg>${loc}</arg>
<doc>Verifies that the element identified by ``locator`` is visible.</doc>
<status status="FAIL" start="2026-01-27T21:32:50.066148" elapsed="0.249890">Element with locator '//label[@id="alertName"]' not found.</status>
</kw>
<msg time="2026-01-27T21:32:50.317143" level="INFO">${isVisible} = False</msg>
<var>${isVisible}</var>
<arg>Element Should Be Visible</arg>
<arg>${loc}</arg>
<doc>Runs the given keyword with given arguments and returns the status as a Boolean value.</doc>
<status status="PASS" start="2026-01-27T21:32:50.065623" elapsed="0.252045"/>
</kw>
<if>
<branch type="IF" condition="${isVisible}">
<kw name="Scroll Element Into View" owner="SeleniumLibrary">
<arg>${loc}</arg>
<doc>Scrolls the element identified by ``locator`` into view.</doc>
<status status="NOT RUN" start="2026-01-27T21:32:50.319238" elapsed="0.000492"/>
</kw>
<kw name="Sleep" owner="BuiltIn">
<arg>3s</arg>
<doc>Pauses the test executed for the given time.</doc>
<status status="NOT RUN" start="2026-01-27T21:32:50.320560" elapsed="0.000493"/>
</kw>
<kw name="Exit For Loop" owner="BuiltIn">
<doc>Stops executing the enclosing FOR loop.</doc>
<status status="NOT RUN" start="2026-01-27T21:32:50.321646" elapsed="0.000243"/>
</kw>
<status status="NOT RUN" start="2026-01-27T21:32:50.318139" elapsed="0.003991"/>
</branch>
<status status="PASS" start="2026-01-27T21:32:50.318061" elapsed="0.004439"/>
</if>
<var name="${loc}">//label[@id="alertName"]</var>
<status status="PASS" start="2026-01-27T21:32:50.065097" elapsed="0.257526"/>
</iter>
<iter>
<kw name="Run Keyword And Return Status" owner="BuiltIn">
<kw name="Element Should Be Visible" owner="SeleniumLibrary">
<msg time="2026-01-27T21:32:50.651463" level="INFO" html="true">&lt;/td&gt;&lt;/tr&gt;&lt;tr&gt;&lt;td colspan="3"&gt;&lt;a href="selenium-screenshot-12.png"&gt;&lt;img src="selenium-screenshot-12.png" width="800px"&gt;&lt;/a&gt;</msg>
<msg time="2026-01-27T21:32:50.652637" level="FAIL">Element with locator '//label[@id="alertPhone"]' not found.</msg>
<arg>${loc}</arg>
<doc>Verifies that the element identified by ``locator`` is visible.</doc>
<status status="FAIL" start="2026-01-27T21:32:50.326743" elapsed="0.345271">Element with locator '//label[@id="alertPhone"]' not found.</status>
</kw>
<msg time="2026-01-27T21:32:50.673631" level="INFO">${isVisible} = False</msg>
<var>${isVisible}</var>
<arg>Element Should Be Visible</arg>
<arg>${loc}</arg>
<doc>Runs the given keyword with given arguments and returns the status as a Boolean value.</doc>
<status status="PASS" start="2026-01-27T21:32:50.325010" elapsed="0.350366"/>
</kw>
<if>
<branch type="IF" condition="${isVisible}">
<kw name="Scroll Element Into View" owner="SeleniumLibrary">
<arg>${loc}</arg>
<doc>Scrolls the element identified by ``locator`` into view.</doc>
<status status="NOT RUN" start="2026-01-27T21:32:50.679527" elapsed="0.000740"/>
</kw>
<kw name="Sleep" owner="BuiltIn">
<arg>3s</arg>
<doc>Pauses the test executed for the given time.</doc>
<status status="NOT RUN" start="2026-01-27T21:32:50.681908" elapsed="0.001099"/>
</kw>
<kw name="Exit For Loop" owner="BuiltIn">
<doc>Stops executing the enclosing FOR loop.</doc>
<status status="NOT RUN" start="2026-01-27T21:32:50.684301" elapsed="0.000561"/>
</kw>
<status status="NOT RUN" start="2026-01-27T21:32:50.676516" elapsed="0.009247"/>
</branch>
<status status="PASS" start="2026-01-27T21:32:50.676200" elapsed="0.010110"/>
</if>
<var name="${loc}">//label[@id="alertPhone"]</var>
<status status="PASS" start="2026-01-27T21:32:50.323678" elapsed="0.362798"/>
</iter>
<iter>
<kw name="Run Keyword And Return Status" owner="BuiltIn">
<kw name="Element Should Be Visible" owner="SeleniumLibrary">
<msg time="2026-01-27T21:32:50.996201" level="INFO" html="true">&lt;/td&gt;&lt;/tr&gt;&lt;tr&gt;&lt;td colspan="3"&gt;&lt;a href="selenium-screenshot-13.png"&gt;&lt;img src="selenium-screenshot-13.png" width="800px"&gt;&lt;/a&gt;</msg>
<msg time="2026-01-27T21:32:51.000005" level="FAIL">Element with locator '//label[@id="alertBirthday"]' not found.</msg>
<arg>${loc}</arg>
<doc>Verifies that the element identified by ``locator`` is visible.</doc>
<status status="FAIL" start="2026-01-27T21:32:50.694700" elapsed="0.326260">Element with locator '//label[@id="alertBirthday"]' not found.</status>
</kw>
<msg time="2026-01-27T21:32:51.022537" level="INFO">${isVisible} = False</msg>
<var>${isVisible}</var>
<arg>Element Should Be Visible</arg>
<arg>${loc}</arg>
<doc>Runs the given keyword with given arguments and returns the status as a Boolean value.</doc>
<status status="PASS" start="2026-01-27T21:32:50.689659" elapsed="0.333552"/>
</kw>
<if>
<branch type="IF" condition="${isVisible}">
<kw name="Scroll Element Into View" owner="SeleniumLibrary">
<arg>${loc}</arg>
<doc>Scrolls the element identified by ``locator`` into view.</doc>
<status status="NOT RUN" start="2026-01-27T21:32:51.027689" elapsed="0.000919"/>
</kw>
<kw name="Sleep" owner="BuiltIn">
<arg>3s</arg>
<doc>Pauses the test executed for the given time.</doc>
<status status="NOT RUN" start="2026-01-27T21:32:51.029786" elapsed="0.000995"/>
</kw>
<kw name="Exit For Loop" owner="BuiltIn">
<doc>Stops executing the enclosing FOR loop.</doc>
<status status="NOT RUN" start="2026-01-27T21:32:51.032014" elapsed="0.002352"/>
</kw>
<status status="NOT RUN" start="2026-01-27T21:32:51.025422" elapsed="0.014219"/>
</branch>
<status status="PASS" start="2026-01-27T21:32:51.025210" elapsed="0.016078"/>
</if>
<var name="${loc}">//label[@id="alertBirthday"]</var>
<status status="PASS" start="2026-01-27T21:32:50.687951" elapsed="0.353580"/>
</iter>
<iter>
<kw name="Run Keyword And Return Status" owner="BuiltIn">
<kw name="Element Should Be Visible" owner="SeleniumLibrary">
<msg time="2026-01-27T21:32:51.474808" level="INFO" html="true">&lt;/td&gt;&lt;/tr&gt;&lt;tr&gt;&lt;td colspan="3"&gt;&lt;a href="selenium-screenshot-14.png"&gt;&lt;img src="selenium-screenshot-14.png" width="800px"&gt;&lt;/a&gt;</msg>
<msg time="2026-01-27T21:32:51.476080" level="FAIL">Element with locator '//label[@id="alertTerm"]' not found.</msg>
<arg>${loc}</arg>
<doc>Verifies that the element identified by ``locator`` is visible.</doc>
<status status="FAIL" start="2026-01-27T21:32:51.047608" elapsed="0.459411">Element with locator '//label[@id="alertTerm"]' not found.</status>
</kw>
<msg time="2026-01-27T21:32:51.508416" level="INFO">${isVisible} = False</msg>
<var>${isVisible}</var>
<arg>Element Should Be Visible</arg>
<arg>${loc}</arg>
<doc>Runs the given keyword with given arguments and returns the status as a Boolean value.</doc>
<status status="PASS" start="2026-01-27T21:32:51.044665" elapsed="0.464555"/>
</kw>
<if>
<branch type="IF" condition="${isVisible}">
<kw name="Scroll Element Into View" owner="SeleniumLibrary">
<arg>${loc}</arg>
<doc>Scrolls the element identified by ``locator`` into view.</doc>
<status status="NOT RUN" start="2026-01-27T21:32:51.511910" elapsed="0.002723"/>
</kw>
<kw name="Sleep" owner="BuiltIn">
<arg>3s</arg>
<doc>Pauses the test executed for the given time.</doc>
<status status="NOT RUN" start="2026-01-27T21:32:51.515833" elapsed="0.000861"/>
</kw>
<kw name="Exit For Loop" owner="BuiltIn">
<doc>Stops executing the enclosing FOR loop.</doc>
<status status="NOT RUN" start="2026-01-27T21:32:51.517914" elapsed="0.000784"/>
</kw>
<status status="NOT RUN" start="2026-01-27T21:32:51.510358" elapsed="0.008902"/>
</branch>
<status status="PASS" start="2026-01-27T21:32:51.510063" elapsed="0.009594"/>
</if>
<var name="${loc}">//label[@id="alertTerm"]</var>
<status status="PASS" start="2026-01-27T21:32:51.043350" elapsed="0.476414"/>
</iter>
<iter>
<kw name="Run Keyword And Return Status" owner="BuiltIn">
<kw name="Element Should Be Visible" owner="SeleniumLibrary">
<msg time="2026-01-27T21:32:51.912301" level="INFO" html="true">&lt;/td&gt;&lt;/tr&gt;&lt;tr&gt;&lt;td colspan="3"&gt;&lt;a href="selenium-screenshot-15.png"&gt;&lt;img src="selenium-screenshot-15.png" width="800px"&gt;&lt;/a&gt;</msg>
<msg time="2026-01-27T21:32:51.915387" level="FAIL">Element with locator '//label[@id="alertStuID"]' not found.</msg>
<arg>${loc}</arg>
<doc>Verifies that the element identified by ``locator`` is visible.</doc>
<status status="FAIL" start="2026-01-27T21:32:51.526975" elapsed="0.411472">Element with locator '//label[@id="alertStuID"]' not found.</status>
</kw>
<msg time="2026-01-27T21:32:51.940227" level="INFO">${isVisible} = False</msg>
<var>${isVisible}</var>
<arg>Element Should Be Visible</arg>
<arg>${loc}</arg>
<doc>Runs the given keyword with given arguments and returns the status as a Boolean value.</doc>
<status status="PASS" start="2026-01-27T21:32:51.522680" elapsed="0.418252"/>
</kw>
<if>
<branch type="IF" condition="${isVisible}">
<kw name="Scroll Element Into View" owner="SeleniumLibrary">
<arg>${loc}</arg>
<doc>Scrolls the element identified by ``locator`` into view.</doc>
<status status="NOT RUN" start="2026-01-27T21:32:51.945441" elapsed="0.001013"/>
</kw>
<kw name="Sleep" owner="BuiltIn">
<arg>3s</arg>
<doc>Pauses the test executed for the given time.</doc>
<status status="NOT RUN" start="2026-01-27T21:32:51.947797" elapsed="0.000851"/>
</kw>
<kw name="Exit For Loop" owner="BuiltIn">
<doc>Stops executing the enclosing FOR loop.</doc>
<status status="NOT RUN" start="2026-01-27T21:32:51.952057" elapsed="0.001341"/>
</kw>
<status status="NOT RUN" start="2026-01-27T21:32:51.943778" elapsed="0.010405"/>
</branch>
<status status="PASS" start="2026-01-27T21:32:51.943082" elapsed="0.011725"/>
</if>
<var name="${loc}">//label[@id="alertStuID"]</var>
<status status="PASS" start="2026-01-27T21:32:51.520917" elapsed="0.434031"/>
</iter>
<iter>
<kw name="Run Keyword And Return Status" owner="BuiltIn">
<kw name="Element Should Be Visible" owner="SeleniumLibrary">
<msg time="2026-01-27T21:32:52.305941" level="INFO" html="true">&lt;/td&gt;&lt;/tr&gt;&lt;tr&gt;&lt;td colspan="3"&gt;&lt;a href="selenium-screenshot-16.png"&gt;&lt;img src="selenium-screenshot-16.png" width="800px"&gt;&lt;/a&gt;</msg>
<msg time="2026-01-27T21:32:52.306923" level="FAIL">Element with locator '//label[@id="alertMajor"]' not found.</msg>
<arg>${loc}</arg>
<doc>Verifies that the element identified by ``locator`` is visible.</doc>
<status status="FAIL" start="2026-01-27T21:32:51.976019" elapsed="0.339045">Element with locator '//label[@id="alertMajor"]' not found.</status>
</kw>
<msg time="2026-01-27T21:32:52.316483" level="INFO">${isVisible} = False</msg>
<var>${isVisible}</var>
<arg>Element Should Be Visible</arg>
<arg>${loc}</arg>
<doc>Runs the given keyword with given arguments and returns the status as a Boolean value.</doc>
<status status="PASS" start="2026-01-27T21:32:51.972940" elapsed="0.344112"/>
</kw>
<if>
<branch type="IF" condition="${isVisible}">
<kw name="Scroll Element Into View" owner="SeleniumLibrary">
<arg>${loc}</arg>
<doc>Scrolls the element identified by ``locator`` into view.</doc>
<status status="NOT RUN" start="2026-01-27T21:32:52.320013" elapsed="0.000591"/>
</kw>
<kw name="Sleep" owner="BuiltIn">
<arg>3s</arg>
<doc>Pauses the test executed for the given time.</doc>
<status status="NOT RUN" start="2026-01-27T21:32:52.322564" elapsed="0.000964"/>
</kw>
<kw name="Exit For Loop" owner="BuiltIn">
<doc>Stops executing the enclosing FOR loop.</doc>
<status status="NOT RUN" start="2026-01-27T21:32:52.326751" elapsed="0.001041"/>
</kw>
<status status="NOT RUN" start="2026-01-27T21:32:52.318230" elapsed="0.010077"/>
</branch>
<status status="PASS" start="2026-01-27T21:32:52.318073" elapsed="0.010516"/>
</if>
<var name="${loc}">//label[@id="alertMajor"]</var>
<status status="PASS" start="2026-01-27T21:32:51.965569" elapsed="0.363102"/>
</iter>
<iter>
<kw name="Run Keyword And Return Status" owner="BuiltIn">
<kw name="Element Should Be Visible" owner="SeleniumLibrary">
<msg time="2026-01-27T21:32:52.883607" level="INFO" html="true">&lt;/td&gt;&lt;/tr&gt;&lt;tr&gt;&lt;td colspan="3"&gt;&lt;a href="selenium-screenshot-17.png"&gt;&lt;img src="selenium-screenshot-17.png" width="800px"&gt;&lt;/a&gt;</msg>
<msg time="2026-01-27T21:32:52.888638" level="FAIL">Element with locator '//label[@id="alertFaculty"]' not found.</msg>
<arg>${loc}</arg>
<doc>Verifies that the element identified by ``locator`` is visible.</doc>
<status status="FAIL" start="2026-01-27T21:32:52.331598" elapsed="0.571742">Element with locator '//label[@id="alertFaculty"]' not found.</status>
</kw>
<msg time="2026-01-27T21:32:52.904648" level="INFO">${isVisible} = False</msg>
<var>${isVisible}</var>
<arg>Element Should Be Visible</arg>
<arg>${loc}</arg>
<doc>Runs the given keyword with given arguments and returns the status as a Boolean value.</doc>
<status status="PASS" start="2026-01-27T21:32:52.330425" elapsed="0.575241"/>
</kw>
<if>
<branch type="IF" condition="${isVisible}">
<kw name="Scroll Element Into View" owner="SeleniumLibrary">
<arg>${loc}</arg>
<doc>Scrolls the element identified by ``locator`` into view.</doc>
<status status="NOT RUN" start="2026-01-27T21:32:52.908958" elapsed="0.000530"/>
</kw>
<kw name="Sleep" owner="BuiltIn">
<arg>3s</arg>
<doc>Pauses the test executed for the given time.</doc>
<status status="NOT RUN" start="2026-01-27T21:32:52.910494" elapsed="0.000899"/>
</kw>
<kw name="Exit For Loop" owner="BuiltIn">
<doc>Stops executing the enclosing FOR loop.</doc>
<status status="NOT RUN" start="2026-01-27T21:32:52.912414" elapsed="0.000556"/>
</kw>
<status status="NOT RUN" start="2026-01-27T21:32:52.907103" elapsed="0.006629"/>
</branch>
<status status="PASS" start="2026-01-27T21:32:52.906883" elapsed="0.007543"/>
</if>
<var name="${loc}">//label[@id="alertFaculty"]</var>
<status status="PASS" start="2026-01-27T21:32:52.329534" elapsed="0.585106"/>
</iter>
<iter>
<kw name="Run Keyword And Return Status" owner="BuiltIn">
<kw name="Element Should Be Visible" owner="SeleniumLibrary">
<msg time="2026-01-27T21:32:53.379580" level="INFO" html="true">&lt;/td&gt;&lt;/tr&gt;&lt;tr&gt;&lt;td colspan="3"&gt;&lt;a href="selenium-screenshot-18.png"&gt;&lt;img src="selenium-screenshot-18.png" width="800px"&gt;&lt;/a&gt;</msg>
<msg time="2026-01-27T21:32:53.381091" level="FAIL">Element with locator '//label[@id="alertReason"]' not found.</msg>
<arg>${loc}</arg>
<doc>Verifies that the element identified by ``locator`` is visible.</doc>
<status status="FAIL" start="2026-01-27T21:32:52.931463" elapsed="0.498575">Element with locator '//label[@id="alertReason"]' not found.</status>
</kw>
<msg time="2026-01-27T21:32:53.437872" level="INFO">${isVisible} = False</msg>
<var>${isVisible}</var>
<arg>Element Should Be Visible</arg>
<arg>${loc}</arg>
<doc>Runs the given keyword with given arguments and returns the status as a Boolean value.</doc>
<status status="PASS" start="2026-01-27T21:32:52.923435" elapsed="0.515235"/>
</kw>
<if>
<branch type="IF" condition="${isVisible}">
<kw name="Scroll Element Into View" owner="SeleniumLibrary">
<arg>${loc}</arg>
<doc>Scrolls the element identified by ``locator`` into view.</doc>
<status status="NOT RUN" start="2026-01-27T21:32:53.447269" elapsed="0.001504"/>
</kw>
<kw name="Sleep" owner="BuiltIn">
<arg>3s</arg>
<doc>Pauses the test executed for the given time.</doc>
<status status="NOT RUN" start="2026-01-27T21:32:53.450647" elapsed="0.000706"/>
</kw>
<kw name="Exit For Loop" owner="BuiltIn">
<doc>Stops executing the enclosing FOR loop.</doc>
<status status="NOT RUN" start="2026-01-27T21:32:53.453275" elapsed="0.001959"/>
</kw>
<status status="NOT RUN" start="2026-01-27T21:32:53.445133" elapsed="0.010798"/>
</branch>
<status status="PASS" start="2026-01-27T21:32:53.444979" elapsed="0.013193"/>
</if>
<var name="${loc}">//label[@id="alertReason"]</var>
<status status="PASS" start="2026-01-27T21:32:52.915858" elapsed="0.542589"/>
</iter>
<iter>
<kw name="Run Keyword And Return Status" owner="BuiltIn">
<kw name="Element Should Be Visible" owner="SeleniumLibrary">
<msg time="2026-01-27T21:32:53.875924" level="INFO" html="true">&lt;/td&gt;&lt;/tr&gt;&lt;tr&gt;&lt;td colspan="3"&gt;&lt;a href="selenium-screenshot-19.png"&gt;&lt;img src="selenium-screenshot-19.png" width="800px"&gt;&lt;/a&gt;</msg>
<msg time="2026-01-27T21:32:53.877846" level="FAIL">Element with locator '//label[@id="alertEmail"]' not found.</msg>
<arg>${loc}</arg>
<doc>Verifies that the element identified by ``locator`` is visible.</doc>
<status status="FAIL" start="2026-01-27T21:32:53.475783" elapsed="0.430473">Element with locator '//label[@id="alertEmail"]' not found.</status>
</kw>
<msg time="2026-01-27T21:32:53.909022" level="INFO">${isVisible} = False</msg>
<var>${isVisible}</var>
<arg>Element Should Be Visible</arg>
<arg>${loc}</arg>
<doc>Runs the given keyword with given arguments and returns the status as a Boolean value.</doc>
<status status="PASS" start="2026-01-27T21:32:53.473283" elapsed="0.436785"/>
</kw>
<if>
<branch type="IF" condition="${isVisible}">
<kw name="Scroll Element Into View" owner="SeleniumLibrary">
<arg>${loc}</arg>
<doc>Scrolls the element identified by ``locator`` into view.</doc>
<status status="NOT RUN" start="2026-01-27T21:32:53.916917" elapsed="0.000786"/>
</kw>
<kw name="Sleep" owner="BuiltIn">
<arg>3s</arg>
<doc>Pauses the test executed for the given time.</doc>
<status status="NOT RUN" start="2026-01-27T21:32:53.919336" elapsed="0.000924"/>
</kw>
<kw name="Exit For Loop" owner="BuiltIn">
<doc>Stops executing the enclosing FOR loop.</doc>
<status status="NOT RUN" start="2026-01-27T21:32:53.921495" elapsed="0.000353"/>
</kw>
<status status="NOT RUN" start="2026-01-27T21:32:53.911874" elapsed="0.010910"/>
</branch>
<status status="PASS" start="2026-01-27T21:32:53.911652" elapsed="0.012222"/>
</if>
<var name="${loc}">//label[@id="alertEmail"]</var>
<status status="PASS" start="2026-01-27T21:32:53.463147" elapsed="0.461118"/>
</iter>
<iter>
<kw name="Run Keyword And Return Status" owner="BuiltIn">
<kw name="Element Should Be Visible" owner="SeleniumLibrary">
<msg time="2026-01-27T21:32:54.199251" level="INFO" html="true">&lt;/td&gt;&lt;/tr&gt;&lt;tr&gt;&lt;td colspan="3"&gt;&lt;a href="selenium-screenshot-20.png"&gt;&lt;img src="selenium-screenshot-20.png" width="800px"&gt;&lt;/a&gt;</msg>
<msg time="2026-01-27T21:32:54.200192" level="FAIL">Element with locator '//label[@id="alertPassword"]' not found.</msg>
<arg>${loc}</arg>
<doc>Verifies that the element identified by ``locator`` is visible.</doc>
<status status="FAIL" start="2026-01-27T21:32:53.937333" elapsed="0.271806">Element with locator '//label[@id="alertPassword"]' not found.</status>
</kw>
<msg time="2026-01-27T21:32:54.211232" level="INFO">${isVisible} = False</msg>
<var>${isVisible}</var>
<arg>Element Should Be Visible</arg>
<arg>${loc}</arg>
<doc>Runs the given keyword with given arguments and returns the status as a Boolean value.</doc>
<status status="PASS" start="2026-01-27T21:32:53.930140" elapsed="0.281866"/>
</kw>
<if>
<branch type="IF" condition="${isVisible}">
<kw name="Scroll Element Into View" owner="SeleniumLibrary">
<arg>${loc}</arg>
<doc>Scrolls the element identified by ``locator`` into view.</doc>
<status status="NOT RUN" start="2026-01-27T21:32:54.214455" elapsed="0.000705"/>
</kw>
<kw name="Sleep" owner="BuiltIn">
<arg>3s</arg>
<doc>Pauses the test executed for the given time.</doc>
<status status="NOT RUN" start="2026-01-27T21:32:54.215935" elapsed="0.000478"/>
</kw>
<kw name="Exit For Loop" owner="BuiltIn">
<doc>Stops executing the enclosing FOR loop.</doc>
<status status="NOT RUN" start="2026-01-27T21:32:54.216995" elapsed="0.000251"/>
</kw>
<status status="NOT RUN" start="2026-01-27T21:32:54.212868" elapsed="0.004610"/>
</branch>
<status status="PASS" start="2026-01-27T21:32:54.212747" elapsed="0.004954"/>
</if>
<var name="${loc}">//label[@id="alertPassword"]</var>
<status status="PASS" start="2026-01-27T21:32:53.926835" elapsed="0.290944"/>
</iter>
<var>${loc}</var>
<value>@{locators}</value>
<status status="PASS" start="2026-01-27T21:32:50.063934" elapsed="4.154133"/>
</for>
<if>
<branch type="IF" condition="'${Expec}' in ['${result}', '${alert_text}']">
<kw name="Write Excel Cell" owner="ExcelLibrary">
<arg>${i}</arg>
<arg>15</arg>
<arg>Pass</arg>
<doc>Writes value to the cell.</doc>
<status status="PASS" start="2026-01-27T21:32:54.220146" elapsed="0.001873"/>
</kw>
<status status="PASS" start="2026-01-27T21:32:54.218473" elapsed="0.004455"/>
</branch>
<branch type="ELSE">
<kw name="Write Excel Cell" owner="ExcelLibrary">
<arg>${i}</arg>
<arg>15</arg>
<arg>Fail</arg>
<doc>Writes value to the cell.</doc>
<status status="NOT RUN" start="2026-01-27T21:32:54.225351" elapsed="0.000865"/>
</kw>
<kw name="Capture Page Screenshot" owner="SeleniumLibrary">
<arg>ProjectTest65/imgRegister/error_${i}.png</arg>
<doc>Takes a screenshot of the current page and embeds it into a log file.</doc>
<status status="NOT RUN" start="2026-01-27T21:32:54.227283" elapsed="0.000568"/>
</kw>
<status status="NOT RUN" start="2026-01-27T21:32:54.224066" elapsed="0.004139"/>
</branch>
<status status="PASS" start="2026-01-27T21:32:54.218421" elapsed="0.009991"/>
</if>
<arg>${i}</arg>
<status status="PASS" start="2026-01-27T21:32:26.214985" elapsed="28.013685"/>
</kw>
<kw name="Go To" owner="SeleniumLibrary">
<msg time="2026-01-27T21:32:54.231453" level="INFO">Opening url 'http://localhost:8080/vegetable/dologout'</msg>
<arg>${url}</arg>
<doc>Navigates the current browser window to the provided ``url``.</doc>
<status status="PASS" start="2026-01-27T21:32:54.229804" elapsed="2.738439"/>
</kw>
<status status="PASS" start="2026-01-27T21:32:15.378065" elapsed="41.591792"/>
</branch>
<status status="PASS" start="2026-01-27T21:32:15.377857" elapsed="41.592919"/>
</if>
<var name="${i}">2</var>
<status status="PASS" start="2026-01-27T21:32:15.289467" elapsed="41.682149"/>
</iter>
<iter>
<kw name="Read Excel Cell" owner="ExcelLibrary">
<msg time="2026-01-27T21:32:56.987186" level="INFO">${status} = Y</msg>
<var>${status}</var>
<arg>${i}</arg>
<arg>1</arg>
<doc>Returns content of a cell.</doc>
<status status="PASS" start="2026-01-27T21:32:56.980030" elapsed="0.016076"/>
</kw>
<if>
<branch type="IF" condition="'${status}' == 'Y'">
<kw name="Click Register Link" owner="registerKey">
<kw name="Click Link" owner="SeleniumLibrary">
<msg time="2026-01-27T21:32:57.042046" level="INFO">Clicking link '//a[contains(text(),'ลงทะเบียน')]'.</msg>
<arg>${locClickRegister}</arg>
<doc>Clicks a link identified by ``locator``.</doc>
<status status="PASS" start="2026-01-27T21:32:57.018863" elapsed="0.663103"/>
</kw>
<status status="PASS" start="2026-01-27T21:32:57.017148" elapsed="0.665417"/>
</kw>
<kw name="Input Form Fullname and Phone" owner="registerKey">
<kw name="Read Excel Cell" owner="ExcelLibrary">
<msg time="2026-01-27T21:32:57.685752" level="INFO">${name} = ศิรประภา ทาบุตร</msg>
<var>${name}</var>
<arg>${i}</arg>
<arg>3</arg>
<doc>Returns content of a cell.</doc>
<status status="PASS" start="2026-01-27T21:32:57.684802" elapsed="0.001300"/>
</kw>
<if>
<branch type="IF" condition="'${name}' == '${NONE}'">
<kw name="Set Variable" owner="BuiltIn">
<var>${name}</var>
<doc>Returns the given values which can then be assigned to a variables.</doc>
<status status="NOT RUN" start="2026-01-27T21:32:57.687383" elapsed="0.000246"/>
</kw>
<status status="NOT RUN" start="2026-01-27T21:32:57.686560" elapsed="0.001353"/>
</branch>
<status status="PASS" start="2026-01-27T21:32:57.686491" elapsed="0.001716"/>
</if>
<kw name="Input Text" owner="SeleniumLibrary">
<msg time="2026-01-27T21:32:57.689567" level="INFO">Typing text 'ศิรประภา ทาบุตร' into text field '//input[@id='name']'.</msg>
<arg>${locFullname}</arg>
<arg>${name}</arg>
<doc>Types the given ``text`` into the text field identified by ``locator``.</doc>
<status status="PASS" start="2026-01-27T21:32:57.688589" elapsed="0.208102"/>
</kw>
<kw name="Read Excel Cell" owner="ExcelLibrary">
<msg time="2026-01-27T21:32:57.898081" level="INFO">${tel} = 0923456789</msg>
<var>${tel}</var>
<arg>${i}</arg>
<arg>4</arg>
<doc>Returns content of a cell.</doc>
<status status="PASS" start="2026-01-27T21:32:57.897285" elapsed="0.001274"/>
</kw>
<if>
<branch type="IF" condition="'${tel}' == '${NONE}'">
<kw name="Set Variable" owner="BuiltIn">
<var>${tel}</var>
<doc>Returns the given values which can then be assigned to a variables.</doc>
<status status="NOT RUN" start="2026-01-27T21:32:57.901651" elapsed="0.000270"/>
</kw>
<status status="NOT RUN" start="2026-01-27T21:32:57.900111" elapsed="0.002120"/>
</branch>
<status status="PASS" start="2026-01-27T21:32:57.899915" elapsed="0.002554"/>
</if>
<kw name="Input Text" owner="SeleniumLibrary">
<msg time="2026-01-27T21:32:57.903532" level="INFO">Typing text '0923456789' into text field '//input[@id='phone']'.</msg>
<arg>${locTel}</arg>
<arg>${tel}</arg>
<doc>Types the given ``text`` into the text field identified by ``locator``.</doc>
<status status="PASS" start="2026-01-27T21:32:57.902783" elapsed="0.173995"/>
</kw>
<arg>${i}</arg>
<status status="PASS" start="2026-01-27T21:32:57.683335" elapsed="0.393821"/>
</kw>
<kw name="Input Birthdate" owner="registerKey">
<kw name="Read Excel Cell" owner="ExcelLibrary">
<msg time="2026-01-27T21:32:58.078940" level="INFO">${birthdate} = 03/02/2005</msg>
<var>${birthdate}</var>
<arg>${i}</arg>
<arg>5</arg>
<doc>Returns content of a cell.</doc>
<status status="PASS" start="2026-01-27T21:32:58.078453" elapsed="0.000674"/>
</kw>
<if>
<branch type="IF" condition="'${birthdate}' != '${NONE}'">
<kw name="Evaluate" owner="BuiltIn">
<msg time="2026-01-27T21:32:58.080222" level="INFO">${date} = 03-02-2005</msg>
<var>${date}</var>
<arg>"${birthdate}".replace("/", "-")</arg>
<doc>Evaluates the given expression in Python and returns the result.</doc>
<status status="PASS" start="2026-01-27T21:32:58.079767" elapsed="0.000617"/>
</kw>
<status status="PASS" start="2026-01-27T21:32:58.079335" elapsed="0.001182"/>
</branch>
<branch type="ELSE">
<kw name="Set Variable" owner="BuiltIn">
<var>${date}</var>
<arg>""</arg>
<doc>Returns the given values which can then be assigned to a variables.</doc>
<status status="NOT RUN" start="2026-01-27T21:32:58.080860" elapsed="0.000122"/>
</kw>
<status status="NOT RUN" start="2026-01-27T21:32:58.080636" elapsed="0.000459"/>
</branch>
<status status="PASS" start="2026-01-27T21:32:58.079306" elapsed="0.001889"/>
</if>
<kw name="Wait Until Element Is Visible" owner="SeleniumLibrary">
<arg>${locbirthday}</arg>
<arg>3s</arg>
<doc>Waits until the element ``locator`` is visible.</doc>
<status status="PASS" start="2026-01-27T21:32:58.081335" elapsed="0.028366"/>
</kw>
<kw name="Clear Element Text" owner="SeleniumLibrary">
<arg>${locbirthday}</arg>
<doc>Clears the value of the text-input-element identified by ``locator``.</doc>
<status status="PASS" start="2026-01-27T21:32:58.110259" elapsed="0.064129"/>
</kw>
<kw name="Input Text" owner="SeleniumLibrary">
<msg time="2026-01-27T21:32:58.176054" level="INFO">Typing text '03-02-2005' into text field '//input[@id='birthday']'.</msg>
<arg>${locbirthday}</arg>
<arg>${date}</arg>
<doc>Types the given ``text`` into the text field identified by ``locator``.</doc>
<status status="PASS" start="2026-01-27T21:32:58.175193" elapsed="0.283193"/>
</kw>
<arg>${i}</arg>
<status status="PASS" start="2026-01-27T21:32:58.077734" elapsed="0.383032"/>
</kw>
<kw name="Select Term" owner="registerKey">
<kw name="Read Excel Cell" owner="ExcelLibrary">
<msg time="2026-01-27T21:32:58.471191" level="INFO">${term} = ปีการศึกษา 2566/1</msg>
<var>${term}</var>
<arg>${i}</arg>
<arg>6</arg>
<doc>Returns content of a cell.</doc>
<status status="PASS" start="2026-01-27T21:32:58.470033" elapsed="0.001742"/>
</kw>
<kw name="Evaluate" owner="BuiltIn">
<msg time="2026-01-27T21:32:58.473940" level="INFO">${term} = ปีการศึกษา 2566/1</msg>
<var>${term}</var>
<arg>str("${term}").strip()</arg>
<doc>Evaluates the given expression in Python and returns the result.</doc>
<status status="PASS" start="2026-01-27T21:32:58.472618" elapsed="0.001655"/>
</kw>
<kw name="Wait Until Page Contains" owner="SeleniumLibrary">
<arg>ปีการศึกษา/เทอม:</arg>
<doc>Waits until ``text`` appears on the current page.</doc>
<status status="PASS" start="2026-01-27T21:32:58.474702" elapsed="0.172570"/>
</kw>
<kw name="Scroll Element Into View" owner="SeleniumLibrary">
<arg>${locTerm}</arg>
<doc>Scrolls the element identified by ``locator`` into view.</doc>
<status status="PASS" start="2026-01-27T21:32:58.648259" elapsed="0.672196"/>
</kw>
<kw name="Wait Until Element Is Visible" owner="SeleniumLibrary">
<arg>${locTerm}</arg>
<arg>2s</arg>
<doc>Waits until the element ``locator`` is visible.</doc>
<status status="PASS" start="2026-01-27T21:32:59.321274" elapsed="0.046602"/>
</kw>
<kw name="Run Keyword And Ignore Error" owner="BuiltIn">
<kw name="Select From List By Label" owner="SeleniumLibrary">
<msg time="2026-01-27T21:32:59.370962" level="INFO">Selecting options from selection list '//select[@id='term']' by label ปีการศึกษา 2566/1.</msg>
<arg>${locTerm}</arg>
<arg>${term}</arg>
<doc>Selects options from selection list ``locator`` by ``labels``.</doc>
<status status="PASS" start="2026-01-27T21:32:59.370101" elapsed="0.237847"/>
</kw>
<arg>Select From List By Label</arg>
<arg>${locTerm}</arg>
<arg>${term}</arg>
<doc>Runs the given keyword with the given arguments and ignores possible error.</doc>
<status status="PASS" start="2026-01-27T21:32:59.368813" elapsed="0.239986"/>
</kw>
<arg>${i}</arg>
<status status="PASS" start="2026-01-27T21:32:58.467149" elapsed="1.142426"/>
</kw>
<kw name=" Input Form stucode and Major" owner="registerKey">
<kw name="Run Keyword And Ignore Error" owner="BuiltIn">
<kw name="Wait Until Element Is Visible" owner="SeleniumLibrary">
<arg>${locStudentid}</arg>
<doc>Waits until the element ``locator`` is visible.</doc>
<status status="PASS" start="2026-01-27T21:32:59.621532" elapsed="0.144317"/>
</kw>
<arg>Wait Until Element Is Visible</arg>
<arg>${locStudentid}</arg>
<doc>Runs the given keyword with the given arguments and ignores possible error.</doc>
<status status="PASS" start="2026-01-27T21:32:59.619696" elapsed="0.146623"/>
</kw>
<kw name="Read Excel Cell" owner="ExcelLibrary">
<msg time="2026-01-27T21:32:59.767653" level="INFO">${stucode} = 6504106301</msg>
<var>${stucode}</var>
<arg>${i}</arg>
<arg>7</arg>
<doc>Returns content of a cell.</doc>
<status status="PASS" start="2026-01-27T21:32:59.766801" elapsed="0.001387"/>
</kw>
<if>
<branch type="IF" condition="'${stucode}' == '${NONE}'">
<kw name="Set Variable" owner="BuiltIn">
<var>${stucode}</var>
<doc>Returns the given values which can then be assigned to a variables.</doc>
<status status="NOT RUN" start="2026-01-27T21:32:59.769482" elapsed="0.000147"/>
</kw>
<status status="NOT RUN" start="2026-01-27T21:32:59.768606" elapsed="0.001212"/>
</branch>
<status status="PASS" start="2026-01-27T21:32:59.768548" elapsed="0.001442"/>
</if>
<kw name="Input Text" owner="SeleniumLibrary">
<msg time="2026-01-27T21:32:59.770773" level="INFO">Typing text '6504106301' into text field '//input[@id='stucode']'.</msg>
<arg>${locStudentid}</arg>
<arg>${stucode}</arg>
<doc>Types the given ``text`` into the text field identified by ``locator``.</doc>
<status status="PASS" start="2026-01-27T21:32:59.770213" elapsed="0.428788"/>
</kw>
<kw name="Read Excel Cell" owner="ExcelLibrary">
<msg time="2026-01-27T21:33:00.211283" level="INFO">${Major} = เทคโนโลยีสารสนเทศ</msg>
<var>${Major}</var>
<arg>${i}</arg>
<arg>8</arg>
<doc>Returns content of a cell.</doc>
<status status="PASS" start="2026-01-27T21:33:00.200716" elapsed="0.013510"/>
</kw>
<if>
<branch type="IF" condition="'${Major}' == '${NONE}'">
<kw name="Set Variable" owner="BuiltIn">
<var>${Major}</var>
<doc>Returns the given values which can then be assigned to a variables.</doc>
<status status="NOT RUN" start="2026-01-27T21:33:00.217650" elapsed="0.000720"/>
</kw>
<status status="NOT RUN" start="2026-01-27T21:33:00.215572" elapsed="0.003555"/>
</branch>
<status status="PASS" start="2026-01-27T21:33:00.215462" elapsed="0.004342"/>
</if>
<kw name="Input Text" owner="SeleniumLibrary">
<msg time="2026-01-27T21:33:00.230521" level="INFO">Typing text 'เทคโนโลยีสารสนเทศ' into text field '//input[@id='major']'.</msg>
<arg>${locMajor}</arg>
<arg>${Major}</arg>
<doc>Types the given ``text`` into the text field identified by ``locator``.</doc>
<status status="PASS" start="2026-01-27T21:33:00.220426" elapsed="1.002461"/>
</kw>
<arg>${i}</arg>
<status status="PASS" start="2026-01-27T21:32:59.611602" elapsed="1.612364"/>
</kw>
<kw name="Select Faculty" owner="registerKey">
<kw name="Read Excel Cell" owner="ExcelLibrary">
<msg time="2026-01-27T21:33:01.238061" level="INFO">${faculty} = เทคโนโลยีการประมงเเละทรัพยากรทางน้ำ</msg>
<var>${faculty}</var>
<arg>${i}</arg>
<arg>9</arg>
<doc>Returns content of a cell.</doc>
<status status="PASS" start="2026-01-27T21:33:01.230213" elapsed="0.008628"/>
</kw>
<kw name="Evaluate" owner="BuiltIn">
<msg time="2026-01-27T21:33:01.241196" level="INFO">${faculty} = เทคโนโลยีการประมงเเละทรัพยากรทางน้ำ</msg>
<var>${faculty}</var>
<arg>str("${faculty}").strip()</arg>
<doc>Evaluates the given expression in Python and returns the result.</doc>
<status status="PASS" start="2026-01-27T21:33:01.239682" elapsed="0.002201"/>
</kw>
<kw name="Log" owner="BuiltIn">
<msg time="2026-01-27T21:33:01.248200" level="INFO">Faculty from Excel: เทคโนโลยีการประมงเเละทรัพยากรทางน้ำ</msg>
<arg>Faculty from Excel: ${faculty}</arg>
<doc>Logs the given message with the given level.</doc>
<status status="PASS" start="2026-01-27T21:33:01.244136" elapsed="0.004804"/>
</kw>
<kw name="Wait Until Element Is Visible" owner="SeleniumLibrary">
<arg>${locFaculty}</arg>
<arg>5s</arg>
<doc>Waits until the element ``locator`` is visible.</doc>
<status status="PASS" start="2026-01-27T21:33:01.250503" elapsed="0.094065"/>
</kw>
<kw name="Get List Items" owner="SeleniumLibrary">
<msg time="2026-01-27T21:33:01.983629" level="INFO">${options} = ['สังกัดคณะ/โครงการ', 'เทคโนโลยีการประมงเเละทรัพยากรทางน้ำ', 'โครงการอันเนื่องมาจากพระราชดำริด้านการเกษตร', 'โครงการศูนย์เกษตรอินทรีย์มหาวิทยาลัยแม่โจ้', 'โครงการฐานเรียนรู้การผลิตพืชผัก', 'โครงการการ...</msg>
<var>${options}</var>
<arg>${locFaculty}</arg>
<doc>Returns all labels or values of selection list ``locator``.</doc>
<status status="PASS" start="2026-01-27T21:33:01.345773" elapsed="0.639211"/>
</kw>
<kw name="Log List" owner="Collections">
<msg time="2026-01-27T21:33:01.989512" level="INFO">List length is 9 and it contains following items:
0: สังกัดคณะ/โครงการ
1: เทคโนโลยีการประมงเเละทรัพยากรทางน้ำ
2: โครงการอันเนื่องมาจากพระราชดำริด้านการเกษตร
3: โครงการศูนย์เกษตรอินทรีย์มหาวิทยาลัยแม่โจ้
4: โครงการฐานเรียนรู้การผลิตพืชผัก
5: โครงการการศึกษาและพัฒนาเครื่องดื่มสุขภาพ
6: โครงการถ่ายทอดองค์ความรู้การผลิตผัก
7: โครงการปรับปรุงพันธุ์และผลิตเมล็ดพันธุ์ผัก
8: โครงการฐานเรียนรู้การผลิตเห็ดเศรษฐกิจ</msg>
<arg>${options}</arg>
<doc>Logs the length and contents of the ``list`` using given ``level``.</doc>
<status status="PASS" start="2026-01-27T21:33:01.987875" elapsed="0.004522"/>
</kw>
<kw name="Run Keyword And Ignore Error" owner="BuiltIn">
<kw name="Select From List By Label" owner="SeleniumLibrary">
<msg time="2026-01-27T21:33:02.004701" level="INFO">Selecting options from selection list '//select[@id='faculty']' by label เทคโนโลยีการประมงเเละทรัพยากรทางน้ำ.</msg>
<arg>${locFaculty}</arg>
<arg>${faculty}</arg>
<doc>Selects options from selection list ``locator`` by ``labels``.</doc>
<status status="PASS" start="2026-01-27T21:33:02.002788" elapsed="0.459542"/>
</kw>
<arg>Select From List By Label</arg>
<arg>${locFaculty}</arg>
<arg>${faculty}</arg>
<doc>Runs the given keyword with the given arguments and ignores possible error.</doc>
<status status="PASS" start="2026-01-27T21:33:01.999767" elapsed="0.463376"/>
</kw>
<arg>${i}</arg>
<status status="PASS" start="2026-01-27T21:33:01.226318" elapsed="1.237313"/>
</kw>
<kw name="Input Form" owner="registerKey">
[...]
<arg>${loc}</arg>
<doc>Scrolls the element identified by ``locator`` into view.</doc>
<status status="NOT RUN" start="2026-01-27T21:39:28.039405" elapsed="0.000426"/>
</kw>
<kw name="Sleep" owner="BuiltIn">
<arg>3s</arg>
<doc>Pauses the test executed for the given time.</doc>
<status status="NOT RUN" start="2026-01-27T21:39:28.040406" elapsed="0.000471"/>
</kw>
<kw name="Exit For Loop" owner="BuiltIn">
<doc>Stops executing the enclosing FOR loop.</doc>
<status status="NOT RUN" start="2026-01-27T21:39:28.042060" elapsed="0.000334"/>
</kw>
<status status="NOT RUN" start="2026-01-27T21:39:28.038538" elapsed="0.004239"/>
</branch>
<status status="PASS" start="2026-01-27T21:39:28.038477" elapsed="0.004615"/>
</if>
<var name="${loc}">//label[@id="alertReason"]</var>
<status status="PASS" start="2026-01-27T21:39:27.640793" elapsed="0.402396"/>
</iter>
<iter>
<kw name="Run Keyword And Return Status" owner="BuiltIn">
<kw name="Element Should Be Visible" owner="SeleniumLibrary">
<msg time="2026-01-27T21:39:28.417307" level="INFO" html="true">&lt;/td&gt;&lt;/tr&gt;&lt;tr&gt;&lt;td colspan="3"&gt;&lt;a href="selenium-screenshot-152.png"&gt;&lt;img src="selenium-screenshot-152.png" width="800px"&gt;&lt;/a&gt;</msg>
<msg time="2026-01-27T21:39:28.420531" level="FAIL">Element with locator '//label[@id="alertEmail"]' not found.</msg>
<arg>${loc}</arg>
<doc>Verifies that the element identified by ``locator`` is visible.</doc>
<status status="FAIL" start="2026-01-27T21:39:28.046199" elapsed="0.384260">Element with locator '//label[@id="alertEmail"]' not found.</status>
</kw>
<msg time="2026-01-27T21:39:28.431153" level="INFO">${isVisible} = False</msg>
<var>${isVisible}</var>
<arg>Element Should Be Visible</arg>
<arg>${loc}</arg>
<doc>Runs the given keyword with given arguments and returns the status as a Boolean value.</doc>
<status status="PASS" start="2026-01-27T21:39:28.044760" elapsed="0.386715"/>
</kw>
<if>
<branch type="IF" condition="${isVisible}">
<kw name="Scroll Element Into View" owner="SeleniumLibrary">
<arg>${loc}</arg>
<doc>Scrolls the element identified by ``locator`` into view.</doc>
<status status="NOT RUN" start="2026-01-27T21:39:28.432953" elapsed="0.002081"/>
</kw>
<kw name="Sleep" owner="BuiltIn">
<arg>3s</arg>
<doc>Pauses the test executed for the given time.</doc>
<status status="NOT RUN" start="2026-01-27T21:39:28.436170" elapsed="0.000921"/>
</kw>
<kw name="Exit For Loop" owner="BuiltIn">
<doc>Stops executing the enclosing FOR loop.</doc>
<status status="NOT RUN" start="2026-01-27T21:39:28.437915" elapsed="0.000320"/>
</kw>
<status status="NOT RUN" start="2026-01-27T21:39:28.431949" elapsed="0.006554"/>
</branch>
<status status="PASS" start="2026-01-27T21:39:28.431880" elapsed="0.006904"/>
</if>
<var name="${loc}">//label[@id="alertEmail"]</var>
<status status="PASS" start="2026-01-27T21:39:28.044073" elapsed="0.394807"/>
</iter>
<iter>
<kw name="Run Keyword And Return Status" owner="BuiltIn">
<kw name="Element Should Be Visible" owner="SeleniumLibrary">
<msg time="2026-01-27T21:39:28.805009" level="INFO" html="true">&lt;/td&gt;&lt;/tr&gt;&lt;tr&gt;&lt;td colspan="3"&gt;&lt;a href="selenium-screenshot-153.png"&gt;&lt;img src="selenium-screenshot-153.png" width="800px"&gt;&lt;/a&gt;</msg>
<msg time="2026-01-27T21:39:28.805670" level="FAIL">Element with locator '//label[@id="alertPassword"]' not found.</msg>
<arg>${loc}</arg>
<doc>Verifies that the element identified by ``locator`` is visible.</doc>
<status status="FAIL" start="2026-01-27T21:39:28.442341" elapsed="0.389229">Element with locator '//label[@id="alertPassword"]' not found.</status>
</kw>
<msg time="2026-01-27T21:39:28.832357" level="INFO">${isVisible} = False</msg>
<var>${isVisible}</var>
<arg>Element Should Be Visible</arg>
<arg>${loc}</arg>
<doc>Runs the given keyword with given arguments and returns the status as a Boolean value.</doc>
<status status="PASS" start="2026-01-27T21:39:28.441602" elapsed="0.391862"/>
</kw>
<if>
<branch type="IF" condition="${isVisible}">
<kw name="Scroll Element Into View" owner="SeleniumLibrary">
<arg>${loc}</arg>
<doc>Scrolls the element identified by ``locator`` into view.</doc>
<status status="NOT RUN" start="2026-01-27T21:39:28.839257" elapsed="0.000351"/>
</kw>
<kw name="Sleep" owner="BuiltIn">
<arg>3s</arg>
<doc>Pauses the test executed for the given time.</doc>
<status status="NOT RUN" start="2026-01-27T21:39:28.840207" elapsed="0.000420"/>
</kw>
<kw name="Exit For Loop" owner="BuiltIn">
<doc>Stops executing the enclosing FOR loop.</doc>
<status status="NOT RUN" start="2026-01-27T21:39:28.841348" elapsed="0.000344"/>
</kw>
<status status="NOT RUN" start="2026-01-27T21:39:28.838405" elapsed="0.004403"/>
</branch>
<status status="PASS" start="2026-01-27T21:39:28.838303" elapsed="0.005846"/>
</if>
<var name="${loc}">//label[@id="alertPassword"]</var>
<status status="PASS" start="2026-01-27T21:39:28.441016" elapsed="0.403434"/>
</iter>
<var>${loc}</var>
<value>@{locators}</value>
<status status="PASS" start="2026-01-27T21:39:24.166665" elapsed="4.678429"/>
</for>
<if>
<branch type="IF" condition="'${Expec}' in ['${result}', '${alert_text}']">
<kw name="Write Excel Cell" owner="ExcelLibrary">
<arg>${i}</arg>
<arg>15</arg>
<arg>Pass</arg>
<doc>Writes value to the cell.</doc>
<status status="PASS" start="2026-01-27T21:39:28.851503" elapsed="0.000969"/>
</kw>
<status status="PASS" start="2026-01-27T21:39:28.848156" elapsed="0.004767"/>
</branch>
<branch type="ELSE">
<kw name="Write Excel Cell" owner="ExcelLibrary">
<arg>${i}</arg>
<arg>15</arg>
<arg>Fail</arg>
<doc>Writes value to the cell.</doc>
<status status="NOT RUN" start="2026-01-27T21:39:28.853875" elapsed="0.000392"/>
</kw>
<kw name="Capture Page Screenshot" owner="SeleniumLibrary">
<arg>ProjectTest65/imgRegister/error_${i}.png</arg>
<doc>Takes a screenshot of the current page and embeds it into a log file.</doc>
<status status="NOT RUN" start="2026-01-27T21:39:28.854872" elapsed="0.000362"/>
</kw>
<status status="NOT RUN" start="2026-01-27T21:39:28.853258" elapsed="0.002259"/>
</branch>
<status status="PASS" start="2026-01-27T21:39:28.848075" elapsed="0.007646"/>
</if>
<arg>${i}</arg>
<status status="PASS" start="2026-01-27T21:38:58.564333" elapsed="30.291565"/>
</kw>
<kw name="Go To" owner="SeleniumLibrary">
<msg time="2026-01-27T21:39:28.858135" level="INFO">Opening url 'http://localhost:8080/vegetable/dologout'</msg>
<arg>${url}</arg>
<doc>Navigates the current browser window to the provided ``url``.</doc>
<status status="PASS" start="2026-01-27T21:39:28.857410" elapsed="0.121809"/>
</kw>
<status status="PASS" start="2026-01-27T21:38:50.655472" elapsed="38.324252"/>
</branch>
<status status="PASS" start="2026-01-27T21:38:50.580525" elapsed="38.399542"/>
</if>
<var name="${i}">17</var>
<status status="PASS" start="2026-01-27T21:38:50.507280" elapsed="38.472937"/>
</iter>
<iter>
<kw name="Read Excel Cell" owner="ExcelLibrary">
<msg time="2026-01-27T21:39:28.995227" level="INFO">${status} = Y</msg>
<var>${status}</var>
<arg>${i}</arg>
<arg>1</arg>
<doc>Returns content of a cell.</doc>
<status status="PASS" start="2026-01-27T21:39:28.994126" elapsed="0.033337"/>
</kw>
<if>
<branch type="IF" condition="'${status}' == 'Y'">
<kw name="Click Register Link" owner="registerKey">
<kw name="Click Link" owner="SeleniumLibrary">
<msg time="2026-01-27T21:39:29.044920" level="INFO">Clicking link '//a[contains(text(),'ลงทะเบียน')]'.</msg>
<arg>${locClickRegister}</arg>
<doc>Clicks a link identified by ``locator``.</doc>
<status status="PASS" start="2026-01-27T21:39:29.037955" elapsed="1.211807"/>
</kw>
<status status="PASS" start="2026-01-27T21:39:29.036164" elapsed="1.214177"/>
</kw>
<kw name="Input Form Fullname and Phone" owner="registerKey">
<kw name="Read Excel Cell" owner="ExcelLibrary">
<msg time="2026-01-27T21:39:30.254733" level="INFO">${name} = ศิรประภา ทาบุตร</msg>
<var>${name}</var>
<arg>${i}</arg>
<arg>3</arg>
<doc>Returns content of a cell.</doc>
<status status="PASS" start="2026-01-27T21:39:30.252698" elapsed="0.021800"/>
</kw>
<if>
<branch type="IF" condition="'${name}' == '${NONE}'">
<kw name="Set Variable" owner="BuiltIn">
<var>${name}</var>
<doc>Returns the given values which can then be assigned to a variables.</doc>
<status status="NOT RUN" start="2026-01-27T21:39:30.276353" elapsed="0.000365"/>
</kw>
<status status="NOT RUN" start="2026-01-27T21:39:30.275286" elapsed="0.009338"/>
</branch>
<status status="PASS" start="2026-01-27T21:39:30.275207" elapsed="0.009889"/>
</if>
<kw name="Input Text" owner="SeleniumLibrary">
<msg time="2026-01-27T21:39:30.303332" level="INFO">Typing text 'ศิรประภา ทาบุตร' into text field '//input[@id='name']'.</msg>
<arg>${locFullname}</arg>
<arg>${name}</arg>
<doc>Types the given ``text`` into the text field identified by ``locator``.</doc>
<status status="PASS" start="2026-01-27T21:39:30.285454" elapsed="0.867659"/>
</kw>
<kw name="Read Excel Cell" owner="ExcelLibrary">
<msg time="2026-01-27T21:39:31.155290" level="INFO">${tel} = 0923456789</msg>
<var>${tel}</var>
<arg>${i}</arg>
<arg>4</arg>
<doc>Returns content of a cell.</doc>
<status status="PASS" start="2026-01-27T21:39:31.153793" elapsed="0.001777"/>
</kw>
<if>
<branch type="IF" condition="'${tel}' == '${NONE}'">
<kw name="Set Variable" owner="BuiltIn">
<var>${tel}</var>
<doc>Returns the given values which can then be assigned to a variables.</doc>
<status status="NOT RUN" start="2026-01-27T21:39:31.158476" elapsed="0.000577"/>
</kw>
<status status="NOT RUN" start="2026-01-27T21:39:31.156255" elapsed="0.003320"/>
</branch>
<status status="PASS" start="2026-01-27T21:39:31.156177" elapsed="0.006084"/>
</if>
<kw name="Input Text" owner="SeleniumLibrary">
<msg time="2026-01-27T21:39:31.164144" level="INFO">Typing text '0923456789' into text field '//input[@id='phone']'.</msg>
<arg>${locTel}</arg>
<arg>${tel}</arg>
<doc>Types the given ``text`` into the text field identified by ``locator``.</doc>
<status status="PASS" start="2026-01-27T21:39:31.162788" elapsed="0.941933"/>
</kw>
<arg>${i}</arg>
<status status="PASS" start="2026-01-27T21:39:30.251377" elapsed="1.854041"/>
</kw>
<kw name="Input Birthdate" owner="registerKey">
<kw name="Read Excel Cell" owner="ExcelLibrary">
<msg time="2026-01-27T21:39:32.127406" level="INFO">${birthdate} = 03/02/2005</msg>
<var>${birthdate}</var>
<arg>${i}</arg>
<arg>5</arg>
<doc>Returns content of a cell.</doc>
<status status="PASS" start="2026-01-27T21:39:32.126476" elapsed="0.006080"/>
</kw>
<if>
<branch type="IF" condition="'${birthdate}' != '${NONE}'">
<kw name="Evaluate" owner="BuiltIn">
<msg time="2026-01-27T21:39:32.147137" level="INFO">${date} = 03-02-2005</msg>
<var>${date}</var>
<arg>"${birthdate}".replace("/", "-")</arg>
<doc>Evaluates the given expression in Python and returns the result.</doc>
<status status="PASS" start="2026-01-27T21:39:32.145943" elapsed="0.001731"/>
</kw>
<status status="PASS" start="2026-01-27T21:39:32.133183" elapsed="0.015720"/>
</branch>
<branch type="ELSE">
<kw name="Set Variable" owner="BuiltIn">
<var>${date}</var>
<arg>""</arg>
<doc>Returns the given values which can then be assigned to a variables.</doc>
<status status="NOT RUN" start="2026-01-27T21:39:32.150694" elapsed="0.000378"/>
</kw>
<status status="NOT RUN" start="2026-01-27T21:39:32.149695" elapsed="0.001762"/>
</branch>
<status status="PASS" start="2026-01-27T21:39:32.133101" elapsed="0.018789"/>
</if>
<kw name="Wait Until Element Is Visible" owner="SeleniumLibrary">
<arg>${locbirthday}</arg>
<arg>3s</arg>
<doc>Waits until the element ``locator`` is visible.</doc>
<status status="PASS" start="2026-01-27T21:39:32.152706" elapsed="0.215279"/>
</kw>
<kw name="Clear Element Text" owner="SeleniumLibrary">
<arg>${locbirthday}</arg>
<doc>Clears the value of the text-input-element identified by ``locator``.</doc>
<status status="PASS" start="2026-01-27T21:39:32.368664" elapsed="0.219967"/>
</kw>
<kw name="Input Text" owner="SeleniumLibrary">
<msg time="2026-01-27T21:39:32.592929" level="INFO">Typing text '03-02-2005' into text field '//input[@id='birthday']'.</msg>
<arg>${locbirthday}</arg>
<arg>${date}</arg>
<doc>Types the given ``text`` into the text field identified by ``locator``.</doc>
<status status="PASS" start="2026-01-27T21:39:32.590903" elapsed="0.588706"/>
</kw>
<arg>${i}</arg>
<status status="PASS" start="2026-01-27T21:39:32.106560" elapsed="1.074213"/>
</kw>
<kw name="Select Term" owner="registerKey">
<kw name="Read Excel Cell" owner="ExcelLibrary">
<msg time="2026-01-27T21:39:33.186493" level="INFO">${term} = ปีการศึกษา 2566/1</msg>
<var>${term}</var>
<arg>${i}</arg>
<arg>6</arg>
<doc>Returns content of a cell.</doc>
<status status="PASS" start="2026-01-27T21:39:33.185665" elapsed="0.001242"/>
</kw>
<kw name="Evaluate" owner="BuiltIn">
<msg time="2026-01-27T21:39:33.193390" level="INFO">${term} = ปีการศึกษา 2566/1</msg>
<var>${term}</var>
<arg>str("${term}").strip()</arg>
<doc>Evaluates the given expression in Python and returns the result.</doc>
<status status="PASS" start="2026-01-27T21:39:33.188301" elapsed="0.005575"/>
</kw>
<kw name="Wait Until Page Contains" owner="SeleniumLibrary">
<arg>ปีการศึกษา/เทอม:</arg>
<doc>Waits until ``text`` appears on the current page.</doc>
<status status="PASS" start="2026-01-27T21:39:33.194532" elapsed="0.048941"/>
</kw>
<kw name="Scroll Element Into View" owner="SeleniumLibrary">
<arg>${locTerm}</arg>
<doc>Scrolls the element identified by ``locator`` into view.</doc>
<status status="PASS" start="2026-01-27T21:39:33.244157" elapsed="0.385079"/>
</kw>
<kw name="Wait Until Element Is Visible" owner="SeleniumLibrary">
<arg>${locTerm}</arg>
<arg>2s</arg>
<doc>Waits until the element ``locator`` is visible.</doc>
<status status="PASS" start="2026-01-27T21:39:33.629926" elapsed="0.042187"/>
</kw>
<kw name="Run Keyword And Ignore Error" owner="BuiltIn">
<kw name="Select From List By Label" owner="SeleniumLibrary">
<msg time="2026-01-27T21:39:33.675045" level="INFO">Selecting options from selection list '//select[@id='term']' by label ปีการศึกษา 2566/1.</msg>
<arg>${locTerm}</arg>
<arg>${term}</arg>
<doc>Selects options from selection list ``locator`` by ``labels``.</doc>
<status status="PASS" start="2026-01-27T21:39:33.674187" elapsed="0.157655"/>
</kw>
<arg>Select From List By Label</arg>
<arg>${locTerm}</arg>
<arg>${term}</arg>
<doc>Runs the given keyword with the given arguments and ignores possible error.</doc>
<status status="PASS" start="2026-01-27T21:39:33.672825" elapsed="0.159594"/>
</kw>
<arg>${i}</arg>
<status status="PASS" start="2026-01-27T21:39:33.183093" elapsed="0.649791"/>
</kw>
<kw name=" Input Form stucode and Major" owner="registerKey">
<kw name="Run Keyword And Ignore Error" owner="BuiltIn">
<kw name="Wait Until Element Is Visible" owner="SeleniumLibrary">
<arg>${locStudentid}</arg>
<doc>Waits until the element ``locator`` is visible.</doc>
<status status="PASS" start="2026-01-27T21:39:33.836381" elapsed="0.042814"/>
</kw>
<arg>Wait Until Element Is Visible</arg>
<arg>${locStudentid}</arg>
<doc>Runs the given keyword with the given arguments and ignores possible error.</doc>
<status status="PASS" start="2026-01-27T21:39:33.835428" elapsed="0.044702"/>
</kw>
<kw name="Read Excel Cell" owner="ExcelLibrary">
<msg time="2026-01-27T21:39:33.882768" level="INFO">${stucode} = 6504106317</msg>
<var>${stucode}</var>
<arg>${i}</arg>
<arg>7</arg>
<doc>Returns content of a cell.</doc>
<status status="PASS" start="2026-01-27T21:39:33.881345" elapsed="0.002309"/>
</kw>
<if>
<branch type="IF" condition="'${stucode}' == '${NONE}'">
<kw name="Set Variable" owner="BuiltIn">
<var>${stucode}</var>
<doc>Returns the given values which can then be assigned to a variables.</doc>
<status status="NOT RUN" start="2026-01-27T21:39:33.885500" elapsed="0.000403"/>
</kw>
<status status="NOT RUN" start="2026-01-27T21:39:33.884314" elapsed="0.002144"/>
</branch>
<status status="PASS" start="2026-01-27T21:39:33.884248" elapsed="0.002672"/>
</if>
<kw name="Input Text" owner="SeleniumLibrary">
<msg time="2026-01-27T21:39:33.888827" level="INFO">Typing text '6504106317' into text field '//input[@id='stucode']'.</msg>
<arg>${locStudentid}</arg>
<arg>${stucode}</arg>
<doc>Types the given ``text`` into the text field identified by ``locator``.</doc>
<status status="PASS" start="2026-01-27T21:39:33.887274" elapsed="0.470220"/>
</kw>
<kw name="Read Excel Cell" owner="ExcelLibrary">
<msg time="2026-01-27T21:39:34.359516" level="INFO">${Major} = เทคโนโลยีสารสนเทศ</msg>
<var>${Major}</var>
<arg>${i}</arg>
<arg>8</arg>
<doc>Returns content of a cell.</doc>
<status status="PASS" start="2026-01-27T21:39:34.358254" elapsed="0.001674"/>
</kw>
<if>
<branch type="IF" condition="'${Major}' == '${NONE}'">
<kw name="Set Variable" owner="BuiltIn">
<var>${Major}</var>
<doc>Returns the given values which can then be assigned to a variables.</doc>
<status status="NOT RUN" start="2026-01-27T21:39:34.363297" elapsed="0.000400"/>
</kw>
<status status="NOT RUN" start="2026-01-27T21:39:34.361802" elapsed="0.002335"/>
</branch>
<status status="PASS" start="2026-01-27T21:39:34.360776" elapsed="0.003737"/>
</if>
<kw name="Input Text" owner="SeleniumLibrary">
<msg time="2026-01-27T21:39:34.365780" level="INFO">Typing text 'เทคโนโลยีสารสนเทศ' into text field '//input[@id='major']'.</msg>
<arg>${locMajor}</arg>
<arg>${Major}</arg>
<doc>Types the given ``text`` into the text field identified by ``locator``.</doc>
<status status="PASS" start="2026-01-27T21:39:34.364872" elapsed="0.477688"/>
</kw>
<arg>${i}</arg>
<status status="PASS" start="2026-01-27T21:39:33.834138" elapsed="1.010010"/>
</kw>
<kw name="Select Faculty" owner="registerKey">
<kw name="Read Excel Cell" owner="ExcelLibrary">
<msg time="2026-01-27T21:39:34.848666" level="INFO">${faculty} = เทคโนโลยีการประมงเเละทรัพยากรทางน้ำ</msg>
<var>${faculty}</var>
<arg>${i}</arg>
<arg>9</arg>
<doc>Returns content of a cell.</doc>
<status status="PASS" start="2026-01-27T21:39:34.847545" elapsed="0.002686"/>
</kw>
<kw name="Evaluate" owner="BuiltIn">
<msg time="2026-01-27T21:39:34.852440" level="INFO">${faculty} = เทคโนโลยีการประมงเเละทรัพยากรทางน้ำ</msg>
<var>${faculty}</var>
<arg>str("${faculty}").strip()</arg>
<doc>Evaluates the given expression in Python and returns the result.</doc>
<status status="PASS" start="2026-01-27T21:39:34.851133" elapsed="0.001822"/>
</kw>
<kw name="Log" owner="BuiltIn">
<msg time="2026-01-27T21:39:34.854607" level="INFO">Faculty from Excel: เทคโนโลยีการประมงเเละทรัพยากรทางน้ำ</msg>
<arg>Faculty from Excel: ${faculty}</arg>
<doc>Logs the given message with the given level.</doc>
<status status="PASS" start="2026-01-27T21:39:34.853705" elapsed="0.001614"/>
</kw>
<kw name="Wait Until Element Is Visible" owner="SeleniumLibrary">
<arg>${locFaculty}</arg>
<arg>5s</arg>
<doc>Waits until the element ``locator`` is visible.</doc>
<status status="PASS" start="2026-01-27T21:39:34.855920" elapsed="0.268622"/>
</kw>
<kw name="Get List Items" owner="SeleniumLibrary">
<msg time="2026-01-27T21:39:36.214482" level="INFO">${options} = ['สังกัดคณะ/โครงการ', 'เทคโนโลยีการประมงเเละทรัพยากรทางน้ำ', 'โครงการอันเนื่องมาจากพระราชดำริด้านการเกษตร', 'โครงการศูนย์เกษตรอินทรีย์มหาวิทยาลัยแม่โจ้', 'โครงการฐานเรียนรู้การผลิตพืชผัก', 'โครงการการ...</msg>
<var>${options}</var>
<arg>${locFaculty}</arg>
<doc>Returns all labels or values of selection list ``locator``.</doc>
<status status="PASS" start="2026-01-27T21:39:35.128726" elapsed="1.086149"/>
</kw>
<kw name="Log List" owner="Collections">
<msg time="2026-01-27T21:39:36.216386" level="INFO">List length is 9 and it contains following items:
0: สังกัดคณะ/โครงการ
1: เทคโนโลยีการประมงเเละทรัพยากรทางน้ำ
2: โครงการอันเนื่องมาจากพระราชดำริด้านการเกษตร
3: โครงการศูนย์เกษตรอินทรีย์มหาวิทยาลัยแม่โจ้
4: โครงการฐานเรียนรู้การผลิตพืชผัก
5: โครงการการศึกษาและพัฒนาเครื่องดื่มสุขภาพ
6: โครงการถ่ายทอดองค์ความรู้การผลิตผัก
7: โครงการปรับปรุงพันธุ์และผลิตเมล็ดพันธุ์ผัก
8: โครงการฐานเรียนรู้การผลิตเห็ดเศรษฐกิจ